# JRE version: OpenJDK Runtime Environment (8.0_152-b01) (build 1.8.0_152-release-1343-b01)
# Java VM: OpenJDK 64-Bit Server VM (25.152-b01 mixed mode windows-amd64 compressed oops)
Heap:
 PSYoungGen      total 201216K, used 103458K [0x00000000e0000000, 0x00000000efe00000, 0x0000000100000000)
  eden space 187392K, 47% used [0x00000000e0000000,0x00000000e578eef8,0x00000000eb700000)
  from space 13824K, 99% used [0x00000000eb700000,0x00000000ec479bc0,0x00000000ec480000)
  to   space 15872K, 0% used [0x00000000eee80000,0x00000000eee80000,0x00000000efe00000)
 ParOldGen       total 118784K, used 30490K [0x00000000a0000000, 0x00000000a7400000, 0x00000000e0000000)
  object space 118784K, 25% used [0x00000000a0000000,0x00000000a1dc6928,0x00000000a7400000)
 Metaspace       used 67194K, capacity 69470K, committed 69784K, reserved 1110016K
  class space    used 9042K, capacity 9528K, committed 9632K, reserved 1048576K
GC Heap History (10 events):
Event: 12.682 GC heap before
{Heap before GC invocations=12 (full 2):
 PSYoungGen      total 119808K, used 109056K [0x00000000e0000000, 0x00000000ea500000, 0x0000000100000000)
  eden space 109056K, 100% used [0x00000000e0000000,0x00000000e6a80000,0x00000000e6a80000)
  from space 10752K, 0% used [0x00000000e6a80000,0x00000000e6a80000,0x00000000e7500000)
  to   space 11776K, 0% used [0x00000000e9980000,0x00000000e9980000,0x00000000ea500000)
 ParOldGen       total 81920K, used 16302K [0x00000000a0000000, 0x00000000a5000000, 0x00000000e0000000)
  object space 81920K, 19% used [0x00000000a0000000,0x00000000a0febbb0,0x00000000a5000000)
 Metaspace       used 44709K, capacity 45790K, committed 45992K, reserved 1089536K
  class space    used 6029K, capacity 6312K, committed 6320K, reserved 1048576K
Event: 12.695 GC heap after
Heap after GC invocations=12 (full 2):
 PSYoungGen      total 155136K, used 11767K [0x00000000e0000000, 0x00000000ea980000, 0x0000000100000000)
  eden space 143360K, 0% used [0x00000000e0000000,0x00000000e0000000,0x00000000e8c00000)
  from space 11776K, 99% used [0x00000000e9980000,0x00000000ea4fde30,0x00000000ea500000)
  to   space 13824K, 0% used [0x00000000e8c00000,0x00000000e8c00000,0x00000000e9980000)
 ParOldGen       total 81920K, used 18815K [0x00000000a0000000, 0x00000000a5000000, 0x00000000e0000000)
  object space 81920K, 22% used [0x00000000a0000000,0x00000000a125fd48,0x00000000a5000000)
 Metaspace       used 44709K, capacity 45790K, committed 45992K, reserved 1089536K
  class space    used 6029K, capacity 6312K, committed 6320K, reserved 1048576K
}
Event: 18.458 GC heap before
{Heap before GC invocations=13 (full 2):
 PSYoungGen      total 155136K, used 155127K [0x00000000e0000000, 0x00000000ea980000, 0x0000000100000000)
  eden space 143360K, 100% used [0x00000000e0000000,0x00000000e8c00000,0x00000000e8c00000)
  from space 11776K, 99% used [0x00000000e9980000,0x00000000ea4fde30,0x00000000ea500000)
  to   space 13824K, 0% used [0x00000000e8c00000,0x00000000e8c00000,0x00000000e9980000)
 ParOldGen       total 81920K, used 18815K [0x00000000a0000000, 0x00000000a5000000, 0x00000000e0000000)
  object space 81920K, 22% used [0x00000000a0000000,0x00000000a125fd48,0x00000000a5000000)
 Metaspace       used 53579K, capacity 54998K, committed 55208K, reserved 1097728K
  class space    used 7159K, capacity 7506K, committed 7600K, reserved 1048576K
Event: 18.471 GC heap after
Heap after GC invocations=13 (full 2):
 PSYoungGen      total 157184K, used 10434K [0x00000000e0000000, 0x00000000ed280000, 0x0000000100000000)
  eden space 143360K, 0% used [0x00000000e0000000,0x00000000e0000000,0x00000000e8c00000)
  from space 13824K, 75% used [0x00000000e8c00000,0x00000000e9630b68,0x00000000e9980000)
  to   space 14336K, 0% used [0x00000000ec480000,0x00000000ec480000,0x00000000ed280000)
 ParOldGen       total 81920K, used 26050K [0x00000000a0000000, 0x00000000a5000000, 0x00000000e0000000)
  object space 81920K, 31% used [0x00000000a0000000,0x00000000a1970b90,0x00000000a5000000)
 Metaspace       used 53579K, capacity 54998K, committed 55208K, reserved 1097728K
  class space    used 7159K, capacity 7506K, committed 7600K, reserved 1048576K
}
Event: 19.049 GC heap before
{Heap before GC invocations=14 (full 2):
 PSYoungGen      total 157184K, used 62033K [0x00000000e0000000, 0x00000000ed280000, 0x0000000100000000)
  eden space 143360K, 35% used [0x00000000e0000000,0x00000000e3263ba0,0x00000000e8c00000)
  from space 13824K, 75% used [0x00000000e8c00000,0x00000000e9630b68,0x00000000e9980000)
  to   space 14336K, 0% used [0x00000000ec480000,0x00000000ec480000,0x00000000ed280000)
 ParOldGen       total 81920K, used 26050K [0x00000000a0000000, 0x00000000a5000000, 0x00000000e0000000)
  object space 81920K, 31% used [0x00000000a0000000,0x00000000a1970b90,0x00000000a5000000)
 Metaspace       used 57500K, capacity 59028K, committed 59160K, reserved 1099776K
  class space    used 7735K, capacity 8123K, committed 8224K, reserved 1048576K
Event: 19.057 GC heap after
Heap after GC invocations=14 (full 2):
 PSYoungGen      total 201728K, used 6074K [0x00000000e0000000, 0x00000000ed400000, 0x0000000100000000)
  eden space 187392K, 0% used [0x00000000e0000000,0x00000000e0000000,0x00000000eb700000)
  from space 14336K, 42% used [0x00000000ec480000,0x00000000eca6eb38,0x00000000ed280000)
  to   space 13824K, 0% used [0x00000000eb700000,0x00000000eb700000,0x00000000ec480000)
 ParOldGen       total 81920K, used 28990K [0x00000000a0000000, 0x00000000a5000000, 0x00000000e0000000)
  object space 81920K, 35% used [0x00000000a0000000,0x00000000a1c4fa58,0x00000000a5000000)
 Metaspace       used 57500K, capacity 59028K, committed 59160K, reserved 1099776K
  class space    used 7735K, capacity 8123K, committed 8224K, reserved 1048576K
}
Event: 19.057 GC heap before
{Heap before GC invocations=15 (full 3):
 PSYoungGen      total 201728K, used 6074K [0x00000000e0000000, 0x00000000ed400000, 0x0000000100000000)
  eden space 187392K, 0% used [0x00000000e0000000,0x00000000e0000000,0x00000000eb700000)
  from space 14336K, 42% used [0x00000000ec480000,0x00000000eca6eb38,0x00000000ed280000)
  to   space 13824K, 0% used [0x00000000eb700000,0x00000000eb700000,0x00000000ec480000)
 ParOldGen       total 81920K, used 28990K [0x00000000a0000000, 0x00000000a5000000, 0x00000000e0000000)
  object space 81920K, 35% used [0x00000000a0000000,0x00000000a1c4fa58,0x00000000a5000000)
 Metaspace       used 57500K, capacity 59028K, committed 59160K, reserved 1099776K
  class space    used 7735K, capacity 8123K, committed 8224K, reserved 1048576K
Event: 19.273 GC heap after
Heap after GC invocations=15 (full 3):
 PSYoungGen      total 201728K, used 0K [0x00000000e0000000, 0x00000000ed400000, 0x0000000100000000)
  eden space 187392K, 0% used [0x00000000e0000000,0x00000000e0000000,0x00000000eb700000)
  from space 14336K, 0% used [0x00000000ec480000,0x00000000ec480000,0x00000000ed280000)
  to   space 13824K, 0% used [0x00000000eb700000,0x00000000eb700000,0x00000000ec480000)
 ParOldGen       total 118784K, used 29798K [0x00000000a0000000, 0x00000000a7400000, 0x00000000e0000000)
  object space 118784K, 25% used [0x00000000a0000000,0x00000000a1d19a20,0x00000000a7400000)
 Metaspace       used 57500K, capacity 59028K, committed 59160K, reserved 1099776K
  class space    used 7735K, capacity 8123K, committed 8224K, reserved 1048576K
}
Event: 48.770 GC heap before
{Heap before GC invocations=16 (full 3):
 PSYoungGen      total 201728K, used 187392K [0x00000000e0000000, 0x00000000ed400000, 0x0000000100000000)
  eden space 187392K, 100% used [0x00000000e0000000,0x00000000eb700000,0x00000000eb700000)
  from space 14336K, 0% used [0x00000000ec480000,0x00000000ec480000,0x00000000ed280000)
  to   space 13824K, 0% used [0x00000000eb700000,0x00000000eb700000,0x00000000ec480000)
 ParOldGen       total 118784K, used 29798K [0x00000000a0000000, 0x00000000a7400000, 0x00000000e0000000)
  object space 118784K, 25% used [0x00000000a0000000,0x00000000a1d19a20,0x00000000a7400000)
 Metaspace       used 62700K, capacity 64772K, committed 65048K, reserved 1105920K
  class space    used 8414K, capacity 8877K, committed 8992K, reserved 1048576K
Event: 48.786 GC heap after
Heap after GC invocations=16 (full 3):
 PSYoungGen      total 201216K, used 13798K [0x00000000e0000000, 0x00000000efe00000, 0x0000000100000000)
  eden space 187392K, 0% used [0x00000000e0000000,0x00000000e0000000,0x00000000eb700000)
  from space 13824K, 99% used [0x00000000eb700000,0x00000000ec479bc0,0x00000000ec480000)
  to   space 15872K, 0% used [0x00000000eee80000,0x00000000eee80000,0x00000000efe00000)
 ParOldGen       total 118784K, used 30490K [0x00000000a0000000, 0x00000000a7400000, 0x00000000e0000000)
  object space 118784K, 25% used [0x00000000a0000000,0x00000000a1dc6928,0x00000000a7400000)
 Metaspace       used 62700K, capacity 64772K, committed 65048K, reserved 1105920K
  class space    used 8414K, capacity 8877K, committed 8992K, reserved 1048576K
}

