# JRE version: OpenJDK Runtime Environment (8.0_202-b03) (build 1.8.0_202-release-1483-b03)
# Java VM: OpenJDK 64-Bit Server VM (25.202-b03 mixed mode windows-amd64 compressed oops)
Heap:
 PSYoungGen      total 429056K, used 77556K [0x00000000e0000000, 0x0000000100000000, 0x0000000100000000)
  eden space 393216K, 17% used [0x00000000e0000000,0x00000000e444db58,0x00000000f8000000)
  from space 35840K, 21% used [0x00000000f8000000,0x00000000f876f7d8,0x00000000fa300000)
  to   space 35328K, 0% used [0x00000000fdd80000,0x00000000fdd80000,0x0000000100000000)
 ParOldGen       total 124416K, used 60292K [0x00000000a0000000, 0x00000000a7980000, 0x00000000e0000000)
  object space 124416K, 48% used [0x00000000a0000000,0x00000000a3ae1330,0x00000000a7980000)
 Metaspace       used 92315K, capacity 96526K, committed 96600K, reserved 1132544K
  class space    used 11813K, capacity 12610K, committed 12672K, reserved 1048576K
GC Heap History (10 events):
Event: 73.165 GC heap before
{Heap before GC invocations=22 (full 3):
 PSYoungGen      total 297984K, used 294286K [0x00000000e0000000, 0x00000000f5400000, 0x0000000100000000)
  eden space 269312K, 100% used [0x00000000e0000000,0x00000000f0700000,0x00000000f0700000)
  from space 28672K, 87% used [0x00000000f2600000,0x00000000f3e63838,0x00000000f4200000)
  to   space 31744K, 0% used [0x00000000f0700000,0x00000000f0700000,0x00000000f2600000)
 ParOldGen       total 124416K, used 42194K [0x00000000a0000000, 0x00000000a7980000, 0x00000000e0000000)
  object space 124416K, 33% used [0x00000000a0000000,0x00000000a29349e0,0x00000000a7980000)
 Metaspace       used 86700K, capacity 90266K, committed 90456K, reserved 1128448K
  class space    used 11141K, capacity 11834K, committed 11904K, reserved 1048576K
Event: 73.183 GC heap after
Heap after GC invocations=22 (full 3):
 PSYoungGen      total 301056K, used 20153K [0x00000000e0000000, 0x00000000f7e80000, 0x0000000100000000)
  eden space 269312K, 0% used [0x00000000e0000000,0x00000000e0000000,0x00000000f0700000)
  from space 31744K, 63% used [0x00000000f0700000,0x00000000f1aae4a0,0x00000000f2600000)
  to   space 32256K, 0% used [0x00000000f5f00000,0x00000000f5f00000,0x00000000f7e80000)
 ParOldGen       total 124416K, used 45242K [0x00000000a0000000, 0x00000000a7980000, 0x00000000e0000000)
  object space 124416K, 36% used [0x00000000a0000000,0x00000000a2c2eb98,0x00000000a7980000)
 Metaspace       used 86700K, capacity 90266K, committed 90456K, reserved 1128448K
  class space    used 11141K, capacity 11834K, committed 11904K, reserved 1048576K
}
Event: 73.644 GC heap before
{Heap before GC invocations=23 (full 3):
 PSYoungGen      total 301056K, used 289465K [0x00000000e0000000, 0x00000000f7e80000, 0x0000000100000000)
  eden space 269312K, 100% used [0x00000000e0000000,0x00000000f0700000,0x00000000f0700000)
  from space 31744K, 63% used [0x00000000f0700000,0x00000000f1aae4a0,0x00000000f2600000)
  to   space 32256K, 0% used [0x00000000f5f00000,0x00000000f5f00000,0x00000000f7e80000)
 ParOldGen       total 124416K, used 45242K [0x00000000a0000000, 0x00000000a7980000, 0x00000000e0000000)
  object space 124416K, 36% used [0x00000000a0000000,0x00000000a2c2eb98,0x00000000a7980000)
 Metaspace       used 86782K, capacity 90350K, committed 90456K, reserved 1128448K
  class space    used 11144K, capacity 11834K, committed 11904K, reserved 1048576K
Event: 73.661 GC heap after
Heap after GC invocations=23 (full 3):
 PSYoungGen      total 360448K, used 11273K [0x00000000e0000000, 0x00000000f8180000, 0x0000000100000000)
  eden space 328192K, 0% used [0x00000000e0000000,0x00000000e0000000,0x00000000f4080000)
  from space 32256K, 34% used [0x00000000f5f00000,0x00000000f6a025a8,0x00000000f7e80000)
  to   space 31232K, 0% used [0x00000000f4080000,0x00000000f4080000,0x00000000f5f00000)
 ParOldGen       total 124416K, used 52736K [0x00000000a0000000, 0x00000000a7980000, 0x00000000e0000000)
  object space 124416K, 42% used [0x00000000a0000000,0x00000000a3380060,0x00000000a7980000)
 Metaspace       used 86782K, capacity 90350K, committed 90456K, reserved 1128448K
  class space    used 11144K, capacity 11834K, committed 11904K, reserved 1048576K
}
Event: 75.493 GC heap before
{Heap before GC invocations=24 (full 3):
 PSYoungGen      total 360448K, used 339465K [0x00000000e0000000, 0x00000000f8180000, 0x0000000100000000)
  eden space 328192K, 100% used [0x00000000e0000000,0x00000000f4080000,0x00000000f4080000)
  from space 32256K, 34% used [0x00000000f5f00000,0x00000000f6a025a8,0x00000000f7e80000)
  to   space 31232K, 0% used [0x00000000f4080000,0x00000000f4080000,0x00000000f5f00000)
 ParOldGen       total 124416K, used 52736K [0x00000000a0000000, 0x00000000a7980000, 0x00000000e0000000)
  object space 124416K, 42% used [0x00000000a0000000,0x00000000a3380060,0x00000000a7980000)
 Metaspace       used 87556K, capacity 91188K, committed 91224K, reserved 1128448K
  class space    used 11201K, capacity 11893K, committed 11904K, reserved 1048576K
Event: 75.521 GC heap after
Heap after GC invocations=24 (full 3):
 PSYoungGen      total 359424K, used 31228K [0x00000000e0000000, 0x00000000fd100000, 0x0000000100000000)
  eden space 328192K, 0% used [0x00000000e0000000,0x00000000e0000000,0x00000000f4080000)
  from space 31232K, 99% used [0x00000000f4080000,0x00000000f5eff260,0x00000000f5f00000)
  to   space 36864K, 0% used [0x00000000fad00000,0x00000000fad00000,0x00000000fd100000)
 ParOldGen       total 124416K, used 56468K [0x00000000a0000000, 0x00000000a7980000, 0x00000000e0000000)
  object space 124416K, 45% used [0x00000000a0000000,0x00000000a3725138,0x00000000a7980000)
 Metaspace       used 87556K, capacity 91188K, committed 91224K, reserved 1128448K
  class space    used 11201K, capacity 11893K, committed 11904K, reserved 1048576K
}
Event: 977.948 GC heap before
{Heap before GC invocations=25 (full 3):
 PSYoungGen      total 359424K, used 359418K [0x00000000e0000000, 0x00000000fd100000, 0x0000000100000000)
  eden space 328192K, 99% used [0x00000000e0000000,0x00000000f407f778,0x00000000f4080000)
  from space 31232K, 99% used [0x00000000f4080000,0x00000000f5eff260,0x00000000f5f00000)
  to   space 36864K, 0% used [0x00000000fad00000,0x00000000fad00000,0x00000000fd100000)
 ParOldGen       total 124416K, used 56468K [0x00000000a0000000, 0x00000000a7980000, 0x00000000e0000000)
  object space 124416K, 45% used [0x00000000a0000000,0x00000000a3725138,0x00000000a7980000)
 Metaspace       used 90938K, capacity 94902K, committed 95192K, reserved 1132544K
  class space    used 11684K, capacity 12450K, committed 12544K, reserved 1048576K
Event: 978.011 GC heap after
Heap after GC invocations=25 (full 3):
 PSYoungGen      total 418816K, used 10681K [0x00000000e0000000, 0x00000000fc600000, 0x0000000100000000)
  eden space 393216K, 0% used [0x00000000e0000000,0x00000000e0000000,0x00000000f8000000)
  from space 25600K, 41% used [0x00000000fad00000,0x00000000fb76e5c0,0x00000000fc600000)
  to   space 35840K, 0% used [0x00000000f8000000,0x00000000f8000000,0x00000000fa300000)
 ParOldGen       total 124416K, used 56532K [0x00000000a0000000, 0x00000000a7980000, 0x00000000e0000000)
  object space 124416K, 45% used [0x00000000a0000000,0x00000000a3735138,0x00000000a7980000)
 Metaspace       used 90938K, capacity 94902K, committed 95192K, reserved 1132544K
  class space    used 11684K, capacity 12450K, committed 12544K, reserved 1048576K
}
Event: 1151.906 GC heap before
{Heap before GC invocations=26 (full 3):
 PSYoungGen      total 418816K, used 403897K [0x00000000e0000000, 0x00000000fc600000, 0x0000000100000000)
  eden space 393216K, 100% used [0x00000000e0000000,0x00000000f8000000,0x00000000f8000000)
  from space 25600K, 41% used [0x00000000fad00000,0x00000000fb76e5c0,0x00000000fc600000)
  to   space 35840K, 0% used [0x00000000f8000000,0x00000000f8000000,0x00000000fa300000)
 ParOldGen       total 124416K, used 56532K [0x00000000a0000000, 0x00000000a7980000, 0x00000000e0000000)
  object space 124416K, 45% used [0x00000000a0000000,0x00000000a3735138,0x00000000a7980000)
 Metaspace       used 92159K, capacity 96346K, committed 96600K, reserved 1132544K
  class space    used 11809K, capacity 12602K, committed 12672K, reserved 1048576K
Event: 1151.927 GC heap after
Heap after GC invocations=26 (full 3):
 PSYoungGen      total 429056K, used 7613K [0x00000000e0000000, 0x0000000100000000, 0x0000000100000000)
  eden space 393216K, 0% used [0x00000000e0000000,0x00000000e0000000,0x00000000f8000000)
  from space 35840K, 21% used [0x00000000f8000000,0x00000000f876f7d8,0x00000000fa300000)
  to   space 35328K, 0% used [0x00000000fdd80000,0x00000000fdd80000,0x0000000100000000)
 ParOldGen       total 124416K, used 60292K [0x00000000a0000000, 0x00000000a7980000, 0x00000000e0000000)
  object space 124416K, 48% used [0x00000000a0000000,0x00000000a3ae1330,0x00000000a7980000)
 Metaspace       used 92159K, capacity 96346K, committed 96600K, reserved 1132544K
  class space    used 11809K, capacity 12602K, committed 12672K, reserved 1048576K
}

