# JRE version: OpenJDK Runtime Environment (8.0_152-b01) (build 1.8.0_152-release-1343-b01)
# Java VM: OpenJDK 64-Bit Server VM (25.152-b01 mixed mode windows-amd64 compressed oops)
Heap:
 PSYoungGen      total 375808K, used 283605K [0x00000000e0000000, 0x00000000f8800000, 0x0000000100000000)
  eden space 350208K, 79% used [0x00000000e0000000,0x00000000f1103168,0x00000000f5600000)
  from space 25600K, 15% used [0x00000000f5600000,0x00000000f59f23d0,0x00000000f6f00000)
  to   space 23552K, 0% used [0x00000000f7100000,0x00000000f7100000,0x00000000f8800000)
 ParOldGen       total 140288K, used 68727K [0x00000000a0000000, 0x00000000a8900000, 0x00000000e0000000)
  object space 140288K, 48% used [0x00000000a0000000,0x00000000a431dda0,0x00000000a8900000)
 Metaspace       used 74277K, capacity 77676K, committed 77848K, reserved 1116160K
  class space    used 9783K, capacity 10453K, committed 10528K, reserved 1048576K
GC Heap History (10 events):
Event: 45.066 GC heap before
{Heap before GC invocations=26 (full 3):
 PSYoungGen      total 247296K, used 227415K [0x00000000e0000000, 0x00000000f0d80000, 0x0000000100000000)
  eden space 219136K, 100% used [0x00000000e0000000,0x00000000ed600000,0x00000000ed600000)
  from space 28160K, 29% used [0x00000000ef100000,0x00000000ef915f00,0x00000000f0c80000)
  to   space 27648K, 0% used [0x00000000ed600000,0x00000000ed600000,0x00000000ef100000)
 ParOldGen       total 140288K, used 57818K [0x00000000a0000000, 0x00000000a8900000, 0x00000000e0000000)
  object space 140288K, 41% used [0x00000000a0000000,0x00000000a3876b40,0x00000000a8900000)
 Metaspace       used 73014K, capacity 76330K, committed 76440K, reserved 1116160K
  class space    used 9696K, capacity 10318K, committed 10400K, reserved 1048576K
Event: 45.075 GC heap after
Heap after GC invocations=26 (full 3):
 PSYoungGen      total 246784K, used 4705K [0x00000000e0000000, 0x00000000f4e80000, 0x0000000100000000)
  eden space 219136K, 0% used [0x00000000e0000000,0x00000000e0000000,0x00000000ed600000)
  from space 27648K, 17% used [0x00000000ed600000,0x00000000eda985c8,0x00000000ef100000)
  to   space 27136K, 0% used [0x00000000f3400000,0x00000000f3400000,0x00000000f4e80000)
 ParOldGen       total 140288K, used 60475K [0x00000000a0000000, 0x00000000a8900000, 0x00000000e0000000)
  object space 140288K, 43% used [0x00000000a0000000,0x00000000a3b0eea0,0x00000000a8900000)
 Metaspace       used 73014K, capacity 76330K, committed 76440K, reserved 1116160K
  class space    used 9696K, capacity 10318K, committed 10400K, reserved 1048576K
}
Event: 45.426 GC heap before
{Heap before GC invocations=27 (full 3):
 PSYoungGen      total 246784K, used 223841K [0x00000000e0000000, 0x00000000f4e80000, 0x0000000100000000)
  eden space 219136K, 100% used [0x00000000e0000000,0x00000000ed600000,0x00000000ed600000)
  from space 27648K, 17% used [0x00000000ed600000,0x00000000eda985c8,0x00000000ef100000)
  to   space 27136K, 0% used [0x00000000f3400000,0x00000000f3400000,0x00000000f4e80000)
 ParOldGen       total 140288K, used 60736K [0x00000000a0000000, 0x00000000a8900000, 0x00000000e0000000)
  object space 140288K, 43% used [0x00000000a0000000,0x00000000a3b50340,0x00000000a8900000)
 Metaspace       used 73156K, capacity 76474K, committed 76696K, reserved 1116160K
  class space    used 9696K, capacity 10318K, committed 10400K, reserved 1048576K
Event: 45.436 GC heap after
Heap after GC invocations=27 (full 3):
 PSYoungGen      total 312320K, used 4052K [0x00000000e0000000, 0x00000000f4d00000, 0x0000000100000000)
  eden space 286720K, 0% used [0x00000000e0000000,0x00000000e0000000,0x00000000f1800000)
  from space 25600K, 15% used [0x00000000f3400000,0x00000000f37f51a8,0x00000000f4d00000)
  to   space 27136K, 0% used [0x00000000f1800000,0x00000000f1800000,0x00000000f3280000)
 ParOldGen       total 140288K, used 63245K [0x00000000a0000000, 0x00000000a8900000, 0x00000000e0000000)
  object space 140288K, 45% used [0x00000000a0000000,0x00000000a3dc37c0,0x00000000a8900000)
 Metaspace       used 73156K, capacity 76474K, committed 76696K, reserved 1116160K
  class space    used 9696K, capacity 10318K, committed 10400K, reserved 1048576K
}
Event: 45.929 GC heap before
{Heap before GC invocations=28 (full 3):
 PSYoungGen      total 312320K, used 290772K [0x00000000e0000000, 0x00000000f4d00000, 0x0000000100000000)
  eden space 286720K, 100% used [0x00000000e0000000,0x00000000f1800000,0x00000000f1800000)
  from space 25600K, 15% used [0x00000000f3400000,0x00000000f37f51a8,0x00000000f4d00000)
  to   space 27136K, 0% used [0x00000000f1800000,0x00000000f1800000,0x00000000f3280000)
 ParOldGen       total 140288K, used 63247K [0x00000000a0000000, 0x00000000a8900000, 0x00000000e0000000)
  object space 140288K, 45% used [0x00000000a0000000,0x00000000a3dc3ea8,0x00000000a8900000)
 Metaspace       used 73287K, capacity 76552K, committed 76696K, reserved 1116160K
  class space    used 9697K, capacity 10319K, committed 10400K, reserved 1048576K
Event: 45.941 GC heap after
Heap after GC invocations=28 (full 3):
 PSYoungGen      total 313856K, used 5588K [0x00000000e0000000, 0x00000000f8b00000, 0x0000000100000000)
  eden space 286720K, 0% used [0x00000000e0000000,0x00000000e0000000,0x00000000f1800000)
  from space 27136K, 20% used [0x00000000f1800000,0x00000000f1d75070,0x00000000f3280000)
  to   space 26624K, 0% used [0x00000000f7100000,0x00000000f7100000,0x00000000f8b00000)
 ParOldGen       total 140288K, used 64296K [0x00000000a0000000, 0x00000000a8900000, 0x00000000e0000000)
  object space 140288K, 45% used [0x00000000a0000000,0x00000000a3eca268,0x00000000a8900000)
 Metaspace       used 73287K, capacity 76552K, committed 76696K, reserved 1116160K
  class space    used 9697K, capacity 10319K, committed 10400K, reserved 1048576K
}
Event: 46.307 GC heap before
{Heap before GC invocations=29 (full 3):
 PSYoungGen      total 313856K, used 292308K [0x00000000e0000000, 0x00000000f8b00000, 0x0000000100000000)
  eden space 286720K, 100% used [0x00000000e0000000,0x00000000f1800000,0x00000000f1800000)
  from space 27136K, 20% used [0x00000000f1800000,0x00000000f1d75070,0x00000000f3280000)
  to   space 26624K, 0% used [0x00000000f7100000,0x00000000f7100000,0x00000000f8b00000)
 ParOldGen       total 140288K, used 64296K [0x00000000a0000000, 0x00000000a8900000, 0x00000000e0000000)
  object space 140288K, 45% used [0x00000000a0000000,0x00000000a3eca268,0x00000000a8900000)
 Metaspace       used 73338K, capacity 76616K, committed 76952K, reserved 1116160K
  class space    used 9697K, capacity 10319K, committed 10400K, reserved 1048576K
Event: 46.316 GC heap after
Heap after GC invocations=29 (full 3):
 PSYoungGen      total 373760K, used 5976K [0x00000000e0000000, 0x00000000f8800000, 0x0000000100000000)
  eden space 350208K, 0% used [0x00000000e0000000,0x00000000e0000000,0x00000000f5600000)
  from space 23552K, 25% used [0x00000000f7100000,0x00000000f76d6050,0x00000000f8800000)
  to   space 25600K, 0% used [0x00000000f5600000,0x00000000f5600000,0x00000000f6f00000)
 ParOldGen       total 140288K, used 67139K [0x00000000a0000000, 0x00000000a8900000, 0x00000000e0000000)
  object space 140288K, 47% used [0x00000000a0000000,0x00000000a4190da0,0x00000000a8900000)
 Metaspace       used 73338K, capacity 76616K, committed 76952K, reserved 1116160K
  class space    used 9697K, capacity 10319K, committed 10400K, reserved 1048576K
}
Event: 46.976 GC heap before
{Heap before GC invocations=30 (full 3):
 PSYoungGen      total 373760K, used 356184K [0x00000000e0000000, 0x00000000f8800000, 0x0000000100000000)
  eden space 350208K, 100% used [0x00000000e0000000,0x00000000f5600000,0x00000000f5600000)
  from space 23552K, 25% used [0x00000000f7100000,0x00000000f76d6050,0x00000000f8800000)
  to   space 25600K, 0% used [0x00000000f5600000,0x00000000f5600000,0x00000000f6f00000)
 ParOldGen       total 140288K, used 67139K [0x00000000a0000000, 0x00000000a8900000, 0x00000000e0000000)
  object space 140288K, 47% used [0x00000000a0000000,0x00000000a4190da0,0x00000000a8900000)
 Metaspace       used 73464K, capacity 76784K, committed 76952K, reserved 1116160K
  class space    used 9701K, capacity 10353K, committed 10400K, reserved 1048576K
Event: 46.989 GC heap after
Heap after GC invocations=30 (full 3):
 PSYoungGen      total 375808K, used 4040K [0x00000000e0000000, 0x00000000f8800000, 0x0000000100000000)
  eden space 350208K, 0% used [0x00000000e0000000,0x00000000e0000000,0x00000000f5600000)
  from space 25600K, 15% used [0x00000000f5600000,0x00000000f59f23d0,0x00000000f6f00000)
  to   space 23552K, 0% used [0x00000000f7100000,0x00000000f7100000,0x00000000f8800000)
 ParOldGen       total 140288K, used 68727K [0x00000000a0000000, 0x00000000a8900000, 0x00000000e0000000)
  object space 140288K, 48% used [0x00000000a0000000,0x00000000a431dda0,0x00000000a8900000)
 Metaspace       used 73464K, capacity 76784K, committed 76952K, reserved 1116160K
  class space    used 9701K, capacity 10353K, committed 10400K, reserved 1048576K
}

