# JRE version: OpenJDK Runtime Environment (8.0_152-b01) (build 1.8.0_152-release-1343-b01)
# Java VM: OpenJDK 64-Bit Server VM (25.152-b01 mixed mode windows-amd64 compressed oops)
Heap:
 PSYoungGen      total 296960K, used 271072K [0x00000000e0000000, 0x00000000f3a80000, 0x0000000100000000)
  eden space 272384K, 96% used [0x00000000e0000000,0x00000000f00beb08,0x00000000f0a00000)
  from space 24576K, 33% used [0x00000000f2200000,0x00000000f29f98e8,0x00000000f3a00000)
  to   space 24576K, 0% used [0x00000000f0a00000,0x00000000f0a00000,0x00000000f2200000)
 ParOldGen       total 198144K, used 69632K [0x00000000a0000000, 0x00000000ac180000, 0x00000000e0000000)
  object space 198144K, 35% used [0x00000000a0000000,0x00000000a44001f8,0x00000000ac180000)
 Metaspace       used 101350K, capacity 105590K, committed 105856K, reserved 1140736K
  class space    used 12735K, capacity 13569K, committed 13696K, reserved 1048576K
GC Heap History (10 events):
Event: 1353.404 GC heap before
{Heap before GC invocations=34 (full 4):
 PSYoungGen      total 216064K, used 206599K [0x00000000e0000000, 0x00000000f0c80000, 0x0000000100000000)
  eden space 190976K, 100% used [0x00000000e0000000,0x00000000eba80000,0x00000000eba80000)
  from space 25088K, 62% used [0x00000000eba80000,0x00000000ec9c1e88,0x00000000ed300000)
  to   space 25088K, 0% used [0x00000000ef400000,0x00000000ef400000,0x00000000f0c80000)
 ParOldGen       total 198144K, used 59235K [0x00000000a0000000, 0x00000000ac180000, 0x00000000e0000000)
  object space 198144K, 29% used [0x00000000a0000000,0x00000000a39d8ca0,0x00000000ac180000)
 Metaspace       used 100956K, capacity 105206K, committed 105216K, reserved 1140736K
  class space    used 12729K, capacity 13561K, committed 13568K, reserved 1048576K
Event: 1353.419 GC heap after
Heap after GC invocations=34 (full 4):
 PSYoungGen      total 249856K, used 16546K [0x00000000e0000000, 0x00000000f1100000, 0x0000000100000000)
  eden space 224768K, 0% used [0x00000000e0000000,0x00000000e0000000,0x00000000edb80000)
  from space 25088K, 65% used [0x00000000ef400000,0x00000000f0428b80,0x00000000f0c80000)
  to   space 25088K, 0% used [0x00000000edb80000,0x00000000edb80000,0x00000000ef400000)
 ParOldGen       total 198144K, used 59243K [0x00000000a0000000, 0x00000000ac180000, 0x00000000e0000000)
  object space 198144K, 29% used [0x00000000a0000000,0x00000000a39daca0,0x00000000ac180000)
 Metaspace       used 100956K, capacity 105206K, committed 105216K, reserved 1140736K
  class space    used 12729K, capacity 13561K, committed 13568K, reserved 1048576K
}
Event: 1353.771 GC heap before
{Heap before GC invocations=35 (full 4):
 PSYoungGen      total 249856K, used 241314K [0x00000000e0000000, 0x00000000f1100000, 0x0000000100000000)
  eden space 224768K, 100% used [0x00000000e0000000,0x00000000edb80000,0x00000000edb80000)
  from space 25088K, 65% used [0x00000000ef400000,0x00000000f0428b80,0x00000000f0c80000)
  to   space 25088K, 0% used [0x00000000edb80000,0x00000000edb80000,0x00000000ef400000)
 ParOldGen       total 198144K, used 59243K [0x00000000a0000000, 0x00000000ac180000, 0x00000000e0000000)
  object space 198144K, 29% used [0x00000000a0000000,0x00000000a39daca0,0x00000000ac180000)
 Metaspace       used 101066K, capacity 105364K, committed 105472K, reserved 1140736K
  class space    used 12731K, capacity 13564K, committed 13568K, reserved 1048576K
Event: 1353.789 GC heap after
Heap after GC invocations=35 (full 4):
 PSYoungGen      total 249856K, used 15686K [0x00000000e0000000, 0x00000000f3a00000, 0x0000000100000000)
  eden space 224768K, 0% used [0x00000000e0000000,0x00000000e0000000,0x00000000edb80000)
  from space 25088K, 62% used [0x00000000edb80000,0x00000000eead18a0,0x00000000ef400000)
  to   space 24576K, 0% used [0x00000000f2200000,0x00000000f2200000,0x00000000f3a00000)
 ParOldGen       total 198144K, used 59251K [0x00000000a0000000, 0x00000000ac180000, 0x00000000e0000000)
  object space 198144K, 29% used [0x00000000a0000000,0x00000000a39dcca0,0x00000000ac180000)
 Metaspace       used 101066K, capacity 105364K, committed 105472K, reserved 1140736K
  class space    used 12731K, capacity 13564K, committed 13568K, reserved 1048576K
}
Event: 1354.141 GC heap before
{Heap before GC invocations=36 (full 4):
 PSYoungGen      total 249856K, used 240454K [0x00000000e0000000, 0x00000000f3a00000, 0x0000000100000000)
  eden space 224768K, 100% used [0x00000000e0000000,0x00000000edb80000,0x00000000edb80000)
  from space 25088K, 62% used [0x00000000edb80000,0x00000000eead18a0,0x00000000ef400000)
  to   space 24576K, 0% used [0x00000000f2200000,0x00000000f2200000,0x00000000f3a00000)
 ParOldGen       total 198144K, used 59251K [0x00000000a0000000, 0x00000000ac180000, 0x00000000e0000000)
  object space 198144K, 29% used [0x00000000a0000000,0x00000000a39dcca0,0x00000000ac180000)
 Metaspace       used 101145K, capacity 105436K, committed 105472K, reserved 1140736K
  class space    used 12731K, capacity 13564K, committed 13568K, reserved 1048576K
Event: 1354.156 GC heap after
Heap after GC invocations=36 (full 4):
 PSYoungGen      total 296960K, used 7761K [0x00000000e0000000, 0x00000000f3a80000, 0x0000000100000000)
  eden space 272384K, 0% used [0x00000000e0000000,0x00000000e0000000,0x00000000f0a00000)
  from space 24576K, 31% used [0x00000000f2200000,0x00000000f29947e8,0x00000000f3a00000)
  to   space 24576K, 0% used [0x00000000f0a00000,0x00000000f0a00000,0x00000000f2200000)
 ParOldGen       total 198144K, used 65711K [0x00000000a0000000, 0x00000000ac180000, 0x00000000e0000000)
  object space 198144K, 33% used [0x00000000a0000000,0x00000000a402bd90,0x00000000ac180000)
 Metaspace       used 101145K, capacity 105436K, committed 105472K, reserved 1140736K
  class space    used 12731K, capacity 13564K, committed 13568K, reserved 1048576K
}
Event: 1354.649 GC heap before
{Heap before GC invocations=37 (full 4):
 PSYoungGen      total 296960K, used 280145K [0x00000000e0000000, 0x00000000f3a80000, 0x0000000100000000)
  eden space 272384K, 100% used [0x00000000e0000000,0x00000000f0a00000,0x00000000f0a00000)
  from space 24576K, 31% used [0x00000000f2200000,0x00000000f29947e8,0x00000000f3a00000)
  to   space 24576K, 0% used [0x00000000f0a00000,0x00000000f0a00000,0x00000000f2200000)
 ParOldGen       total 198144K, used 65711K [0x00000000a0000000, 0x00000000ac180000, 0x00000000e0000000)
  object space 198144K, 33% used [0x00000000a0000000,0x00000000a402bd90,0x00000000ac180000)
 Metaspace       used 101233K, capacity 105506K, committed 105728K, reserved 1140736K
  class space    used 12732K, capacity 13565K, committed 13568K, reserved 1048576K
Event: 1354.661 GC heap after
Heap after GC invocations=37 (full 4):
 PSYoungGen      total 296960K, used 7892K [0x00000000e0000000, 0x00000000f3a80000, 0x0000000100000000)
  eden space 272384K, 0% used [0x00000000e0000000,0x00000000e0000000,0x00000000f0a00000)
  from space 24576K, 32% used [0x00000000f0a00000,0x00000000f11b5280,0x00000000f2200000)
  to   space 24576K, 0% used [0x00000000f2200000,0x00000000f2200000,0x00000000f3a00000)
 ParOldGen       total 198144K, used 69093K [0x00000000a0000000, 0x00000000ac180000, 0x00000000e0000000)
  object space 198144K, 34% used [0x00000000a0000000,0x00000000a4379618,0x00000000ac180000)
 Metaspace       used 101233K, capacity 105506K, committed 105728K, reserved 1140736K
  class space    used 12732K, capacity 13565K, committed 13568K, reserved 1048576K
}
Event: 1354.933 GC heap before
{Heap before GC invocations=38 (full 4):
 PSYoungGen      total 296960K, used 280276K [0x00000000e0000000, 0x00000000f3a80000, 0x0000000100000000)
  eden space 272384K, 100% used [0x00000000e0000000,0x00000000f0a00000,0x00000000f0a00000)
  from space 24576K, 32% used [0x00000000f0a00000,0x00000000f11b5280,0x00000000f2200000)
  to   space 24576K, 0% used [0x00000000f2200000,0x00000000f2200000,0x00000000f3a00000)
 ParOldGen       total 198144K, used 69093K [0x00000000a0000000, 0x00000000ac180000, 0x00000000e0000000)
  object space 198144K, 34% used [0x00000000a0000000,0x00000000a4379618,0x00000000ac180000)
 Metaspace       used 101275K, capacity 105506K, committed 105728K, reserved 1140736K
  class space    used 12732K, capacity 13565K, committed 13568K, reserved 1048576K
Event: 1354.940 GC heap after
Heap after GC invocations=38 (full 4):
 PSYoungGen      total 296960K, used 8166K [0x00000000e0000000, 0x00000000f3a80000, 0x0000000100000000)
  eden space 272384K, 0% used [0x00000000e0000000,0x00000000e0000000,0x00000000f0a00000)
  from space 24576K, 33% used [0x00000000f2200000,0x00000000f29f98e8,0x00000000f3a00000)
  to   space 24576K, 0% used [0x00000000f0a00000,0x00000000f0a00000,0x00000000f2200000)
 ParOldGen       total 198144K, used 69632K [0x00000000a0000000, 0x00000000ac180000, 0x00000000e0000000)
  object space 198144K, 35% used [0x00000000a0000000,0x00000000a44001f8,0x00000000ac180000)
 Metaspace       used 101275K, capacity 105506K, committed 105728K, reserved 1140736K
  class space    used 12732K, capacity 13565K, committed 13568K, reserved 1048576K
}

