# JRE version: OpenJDK Runtime Environment (8.0_202-b03) (build 1.8.0_202-release-1483-b03)
# Java VM: OpenJDK 64-Bit Server VM (25.202-b03 mixed mode windows-amd64 compressed oops)
Heap:
 PSYoungGen      total 67072K, used 14181K [0x00000000e0000000, 0x00000000e5500000, 0x0000000100000000)
  eden space 49152K, 0% used [0x00000000e0000000,0x00000000e0000000,0x00000000e3000000)
  from space 17920K, 79% used [0x00000000e3000000,0x00000000e3dd95a8,0x00000000e4180000)
  to   space 15360K, 0% used [0x00000000e4180000,0x00000000e4180000,0x00000000e5080000)
 ParOldGen       total 74240K, used 44222K [0x00000000a0000000, 0x00000000a4880000, 0x00000000e0000000)
  object space 74240K, 59% used [0x00000000a0000000,0x00000000a2b2f938,0x00000000a4880000)
 Metaspace       used 74789K, capacity 77702K, committed 77848K, reserved 1120256K
  class space    used 10075K, capacity 10690K, committed 10792K, reserved 1048576K
GC Heap History (10 events):
Event: 98.696 GC heap after
Heap after GC invocations=30 (full 3):
 PSYoungGen      total 55808K, used 5033K [0x00000000e0000000, 0x00000000e4580000, 0x0000000100000000)
  eden space 44032K, 0% used [0x00000000e0000000,0x00000000e0000000,0x00000000e2b00000)
  from space 11776K, 42% used [0x00000000e2b00000,0x00000000e2fea740,0x00000000e3680000)
  to   space 11264K, 0% used [0x00000000e3a80000,0x00000000e3a80000,0x00000000e4580000)
 ParOldGen       total 74240K, used 33993K [0x00000000a0000000, 0x00000000a4880000, 0x00000000e0000000)
  object space 74240K, 45% used [0x00000000a0000000,0x00000000a2132508,0x00000000a4880000)
 Metaspace       used 63375K, capacity 65534K, committed 65688K, reserved 1105920K
  class space    used 8571K, capacity 9056K, committed 9128K, reserved 1048576K
}
Event: 109.410 GC heap before
{Heap before GC invocations=31 (full 3):
 PSYoungGen      total 55808K, used 49065K [0x00000000e0000000, 0x00000000e4580000, 0x0000000100000000)
  eden space 44032K, 100% used [0x00000000e0000000,0x00000000e2b00000,0x00000000e2b00000)
  from space 11776K, 42% used [0x00000000e2b00000,0x00000000e2fea740,0x00000000e3680000)
  to   space 11264K, 0% used [0x00000000e3a80000,0x00000000e3a80000,0x00000000e4580000)
 ParOldGen       total 74240K, used 33993K [0x00000000a0000000, 0x00000000a4880000, 0x00000000e0000000)
  object space 74240K, 45% used [0x00000000a0000000,0x00000000a2132508,0x00000000a4880000)
 Metaspace       used 67595K, capacity 69762K, committed 70040K, reserved 1110016K
  class space    used 9095K, capacity 9572K, committed 9640K, reserved 1048576K
Event: 109.420 GC heap after
Heap after GC invocations=31 (full 3):
 PSYoungGen      total 57856K, used 11238K [0x00000000e0000000, 0x00000000e4900000, 0x0000000100000000)
  eden space 46592K, 0% used [0x00000000e0000000,0x00000000e0000000,0x00000000e2d80000)
  from space 11264K, 99% used [0x00000000e3a80000,0x00000000e4579b00,0x00000000e4580000)
  to   space 13312K, 0% used [0x00000000e2d80000,0x00000000e2d80000,0x00000000e3a80000)
 ParOldGen       total 74240K, used 35735K [0x00000000a0000000, 0x00000000a4880000, 0x00000000e0000000)
  object space 74240K, 48% used [0x00000000a0000000,0x00000000a22e5dd0,0x00000000a4880000)
 Metaspace       used 67595K, capacity 69762K, committed 70040K, reserved 1110016K
  class space    used 9095K, capacity 9572K, committed 9640K, reserved 1048576K
}
Event: 112.180 GC heap before
{Heap before GC invocations=32 (full 3):
 PSYoungGen      total 57856K, used 57830K [0x00000000e0000000, 0x00000000e4900000, 0x0000000100000000)
  eden space 46592K, 100% used [0x00000000e0000000,0x00000000e2d80000,0x00000000e2d80000)
  from space 11264K, 99% used [0x00000000e3a80000,0x00000000e4579b00,0x00000000e4580000)
  to   space 13312K, 0% used [0x00000000e2d80000,0x00000000e2d80000,0x00000000e3a80000)
 ParOldGen       total 74240K, used 35735K [0x00000000a0000000, 0x00000000a4880000, 0x00000000e0000000)
  object space 74240K, 48% used [0x00000000a0000000,0x00000000a22e5dd0,0x00000000a4880000)
 Metaspace       used 69310K, capacity 71436K, committed 71704K, reserved 1112064K
  class space    used 9205K, capacity 9701K, committed 9768K, reserved 1048576K
Event: 112.200 GC heap after
Heap after GC invocations=32 (full 3):
 PSYoungGen      total 59904K, used 13087K [0x00000000e0000000, 0x00000000e5080000, 0x0000000100000000)
  eden space 46592K, 0% used [0x00000000e0000000,0x00000000e0000000,0x00000000e2d80000)
  from space 13312K, 98% used [0x00000000e2d80000,0x00000000e3a47de0,0x00000000e3a80000)
  to   space 15360K, 0% used [0x00000000e4180000,0x00000000e4180000,0x00000000e5080000)
 ParOldGen       total 74240K, used 38390K [0x00000000a0000000, 0x00000000a4880000, 0x00000000e0000000)
  object space 74240K, 51% used [0x00000000a0000000,0x00000000a257dab0,0x00000000a4880000)
 Metaspace       used 69310K, capacity 71436K, committed 71704K, reserved 1112064K
  class space    used 9205K, capacity 9701K, committed 9768K, reserved 1048576K
}
Event: 118.614 GC heap before
{Heap before GC invocations=33 (full 3):
 PSYoungGen      total 59904K, used 59676K [0x00000000e0000000, 0x00000000e5080000, 0x0000000100000000)
  eden space 46592K, 99% used [0x00000000e0000000,0x00000000e2d7f410,0x00000000e2d80000)
  from space 13312K, 98% used [0x00000000e2d80000,0x00000000e3a47de0,0x00000000e3a80000)
  to   space 15360K, 0% used [0x00000000e4180000,0x00000000e4180000,0x00000000e5080000)
 ParOldGen       total 74240K, used 38390K [0x00000000a0000000, 0x00000000a4880000, 0x00000000e0000000)
  object space 74240K, 51% used [0x00000000a0000000,0x00000000a257dab0,0x00000000a4880000)
 Metaspace       used 71276K, capacity 73772K, committed 74136K, reserved 1114112K
  class space    used 9497K, capacity 10035K, committed 10152K, reserved 1048576K
Event: 118.625 GC heap after
Heap after GC invocations=33 (full 3):
 PSYoungGen      total 64512K, used 15342K [0x00000000e0000000, 0x00000000e5500000, 0x0000000100000000)
  eden space 49152K, 0% used [0x00000000e0000000,0x00000000e0000000,0x00000000e3000000)
  from space 15360K, 99% used [0x00000000e4180000,0x00000000e507b9e0,0x00000000e5080000)
  to   space 17920K, 0% used [0x00000000e3000000,0x00000000e3000000,0x00000000e4180000)
 ParOldGen       total 74240K, used 39312K [0x00000000a0000000, 0x00000000a4880000, 0x00000000e0000000)
  object space 74240K, 52% used [0x00000000a0000000,0x00000000a2664198,0x00000000a4880000)
 Metaspace       used 71276K, capacity 73772K, committed 74136K, reserved 1114112K
  class space    used 9497K, capacity 10035K, committed 10152K, reserved 1048576K
}
Event: 121.538 GC heap before
{Heap before GC invocations=34 (full 3):
 PSYoungGen      total 64512K, used 35219K [0x00000000e0000000, 0x00000000e5500000, 0x0000000100000000)
  eden space 49152K, 40% used [0x00000000e0000000,0x00000000e1369240,0x00000000e3000000)
  from space 15360K, 99% used [0x00000000e4180000,0x00000000e507b9e0,0x00000000e5080000)
  to   space 17920K, 0% used [0x00000000e3000000,0x00000000e3000000,0x00000000e4180000)
 ParOldGen       total 74240K, used 39312K [0x00000000a0000000, 0x00000000a4880000, 0x00000000e0000000)
  object space 74240K, 52% used [0x00000000a0000000,0x00000000a2664198,0x00000000a4880000)
 Metaspace       used 74789K, capacity 77702K, committed 77848K, reserved 1120256K
  class space    used 10075K, capacity 10690K, committed 10792K, reserved 1048576K
Event: 121.548 GC heap after
Heap after GC invocations=34 (full 3):
 PSYoungGen      total 67072K, used 14181K [0x00000000e0000000, 0x00000000e5500000, 0x0000000100000000)
  eden space 49152K, 0% used [0x00000000e0000000,0x00000000e0000000,0x00000000e3000000)
  from space 17920K, 79% used [0x00000000e3000000,0x00000000e3dd95a8,0x00000000e4180000)
  to   space 15360K, 0% used [0x00000000e4180000,0x00000000e4180000,0x00000000e5080000)
 ParOldGen       total 74240K, used 44222K [0x00000000a0000000, 0x00000000a4880000, 0x00000000e0000000)
  object space 74240K, 59% used [0x00000000a0000000,0x00000000a2b2f938,0x00000000a4880000)
 Metaspace       used 74789K, capacity 77702K, committed 77848K, reserved 1120256K
  class space    used 10075K, capacity 10690K, committed 10792K, reserved 1048576K
}
Event: 121.548 GC heap before
{Heap before GC invocations=35 (full 4):
 PSYoungGen      total 67072K, used 14181K [0x00000000e0000000, 0x00000000e5500000, 0x0000000100000000)
  eden space 49152K, 0% used [0x00000000e0000000,0x00000000e0000000,0x00000000e3000000)
  from space 17920K, 79% used [0x00000000e3000000,0x00000000e3dd95a8,0x00000000e4180000)
  to   space 15360K, 0% used [0x00000000e4180000,0x00000000e4180000,0x00000000e5080000)
 ParOldGen       total 74240K, used 44222K [0x00000000a0000000, 0x00000000a4880000, 0x00000000e0000000)
  object space 74240K, 59% used [0x00000000a0000000,0x00000000a2b2f938,0x00000000a4880000)
 Metaspace       used 74789K, capacity 77702K, committed 77848K, reserved 1120256K
  class space    used 10075K, capacity 10690K, committed 10792K, reserved 1048576K

