# JRE version: OpenJDK Runtime Environment (8.0_202-b03) (build 1.8.0_202-release-1483-b03)
# Java VM: OpenJDK 64-Bit Server VM (25.202-b03 mixed mode windows-amd64 compressed oops)
Heap:
 PSYoungGen      total 364544K, used 118771K [0x00000000e0000000, 0x00000000fc700000, 0x0000000100000000)
  eden space 342016K, 29% used [0x00000000e0000000,0x00000000e610d208,0x00000000f4e00000)
  from space 22528K, 86% used [0x00000000f4e00000,0x00000000f60efd00,0x00000000f6400000)
  to   space 24576K, 0% used [0x00000000faf00000,0x00000000faf00000,0x00000000fc700000)
 ParOldGen       total 140800K, used 43758K [0x00000000a0000000, 0x00000000a8980000, 0x00000000e0000000)
  object space 140800K, 31% used [0x00000000a0000000,0x00000000a2abb8c0,0x00000000a8980000)
 Metaspace       used 72685K, capacity 76706K, committed 76952K, reserved 1116160K
  class space    used 9847K, capacity 10608K, committed 10664K, reserved 1048576K
GC Heap History (10 events):
Event: 16.366 GC heap before
{Heap before GC invocations=20 (full 3):
 PSYoungGen      total 261632K, used 254414K [0x00000000e0000000, 0x00000000f2400000, 0x0000000100000000)
  eden space 237056K, 100% used [0x00000000e0000000,0x00000000ee780000,0x00000000ee780000)
  from space 24576K, 70% used [0x00000000f0080000,0x00000000f1173b58,0x00000000f1880000)
  to   space 25600K, 0% used [0x00000000ee780000,0x00000000ee780000,0x00000000f0080000)
 ParOldGen       total 140800K, used 30113K [0x00000000a0000000, 0x00000000a8980000, 0x00000000e0000000)
  object space 140800K, 21% used [0x00000000a0000000,0x00000000a1d68488,0x00000000a8980000)
 Metaspace       used 71136K, capacity 75066K, committed 75288K, reserved 1114112K
  class space    used 9747K, capacity 10502K, committed 10536K, reserved 1048576K
Event: 16.386 GC heap after
Heap after GC invocations=20 (full 3):
 PSYoungGen      total 262656K, used 9355K [0x00000000e0000000, 0x00000000f4800000, 0x0000000100000000)
  eden space 237056K, 0% used [0x00000000e0000000,0x00000000e0000000,0x00000000ee780000)
  from space 25600K, 36% used [0x00000000ee780000,0x00000000ef0a2e30,0x00000000f0080000)
  to   space 24576K, 0% used [0x00000000f3000000,0x00000000f3000000,0x00000000f4800000)
 ParOldGen       total 140800K, used 39523K [0x00000000a0000000, 0x00000000a8980000, 0x00000000e0000000)
  object space 140800K, 28% used [0x00000000a0000000,0x00000000a2698f38,0x00000000a8980000)
 Metaspace       used 71136K, capacity 75066K, committed 75288K, reserved 1114112K
  class space    used 9747K, capacity 10502K, committed 10536K, reserved 1048576K
}
Event: 16.839 GC heap before
{Heap before GC invocations=21 (full 3):
 PSYoungGen      total 262656K, used 246411K [0x00000000e0000000, 0x00000000f4800000, 0x0000000100000000)
  eden space 237056K, 100% used [0x00000000e0000000,0x00000000ee780000,0x00000000ee780000)
  from space 25600K, 36% used [0x00000000ee780000,0x00000000ef0a2e30,0x00000000f0080000)
  to   space 24576K, 0% used [0x00000000f3000000,0x00000000f3000000,0x00000000f4800000)
 ParOldGen       total 140800K, used 39523K [0x00000000a0000000, 0x00000000a8980000, 0x00000000e0000000)
  object space 140800K, 28% used [0x00000000a0000000,0x00000000a2698f38,0x00000000a8980000)
 Metaspace       used 71432K, capacity 75386K, committed 75544K, reserved 1114112K
  class space    used 9747K, capacity 10502K, committed 10536K, reserved 1048576K
Event: 16.853 GC heap after
Heap after GC invocations=21 (full 3):
 PSYoungGen      total 309248K, used 10494K [0x00000000e0000000, 0x00000000f4600000, 0x0000000100000000)
  eden space 286720K, 0% used [0x00000000e0000000,0x00000000e0000000,0x00000000f1800000)
  from space 22528K, 46% used [0x00000000f3000000,0x00000000f3a3f8c8,0x00000000f4600000)
  to   space 23552K, 0% used [0x00000000f1800000,0x00000000f1800000,0x00000000f2f00000)
 ParOldGen       total 140800K, used 42465K [0x00000000a0000000, 0x00000000a8980000, 0x00000000e0000000)
  object space 140800K, 30% used [0x00000000a0000000,0x00000000a2978610,0x00000000a8980000)
 Metaspace       used 71432K, capacity 75386K, committed 75544K, reserved 1114112K
  class space    used 9747K, capacity 10502K, committed 10536K, reserved 1048576K
}
Event: 17.936 GC heap before
{Heap before GC invocations=22 (full 3):
 PSYoungGen      total 309248K, used 297214K [0x00000000e0000000, 0x00000000f4600000, 0x0000000100000000)
  eden space 286720K, 100% used [0x00000000e0000000,0x00000000f1800000,0x00000000f1800000)
  from space 22528K, 46% used [0x00000000f3000000,0x00000000f3a3f8c8,0x00000000f4600000)
  to   space 23552K, 0% used [0x00000000f1800000,0x00000000f1800000,0x00000000f2f00000)
 ParOldGen       total 140800K, used 42465K [0x00000000a0000000, 0x00000000a8980000, 0x00000000e0000000)
  object space 140800K, 30% used [0x00000000a0000000,0x00000000a2978610,0x00000000a8980000)
 Metaspace       used 71835K, capacity 75844K, committed 76056K, reserved 1114112K
  class space    used 9783K, capacity 10529K, committed 10536K, reserved 1048576K
Event: 17.950 GC heap after
Heap after GC invocations=22 (full 3):
 PSYoungGen      total 310272K, used 9806K [0x00000000e0000000, 0x00000000f7a80000, 0x0000000100000000)
  eden space 286720K, 0% used [0x00000000e0000000,0x00000000e0000000,0x00000000f1800000)
  from space 23552K, 41% used [0x00000000f1800000,0x00000000f21939c8,0x00000000f2f00000)
  to   space 22528K, 0% used [0x00000000f6480000,0x00000000f6480000,0x00000000f7a80000)
 ParOldGen       total 140800K, used 42697K [0x00000000a0000000, 0x00000000a8980000, 0x00000000e0000000)
  object space 140800K, 30% used [0x00000000a0000000,0x00000000a29b2610,0x00000000a8980000)
 Metaspace       used 71835K, capacity 75844K, committed 76056K, reserved 1114112K
  class space    used 9783K, capacity 10529K, committed 10536K, reserved 1048576K
}
Event: 18.699 GC heap before
{Heap before GC invocations=23 (full 3):
 PSYoungGen      total 310272K, used 296526K [0x00000000e0000000, 0x00000000f7a80000, 0x0000000100000000)
  eden space 286720K, 100% used [0x00000000e0000000,0x00000000f1800000,0x00000000f1800000)
  from space 23552K, 41% used [0x00000000f1800000,0x00000000f21939c8,0x00000000f2f00000)
  to   space 22528K, 0% used [0x00000000f6480000,0x00000000f6480000,0x00000000f7a80000)
 ParOldGen       total 140800K, used 42697K [0x00000000a0000000, 0x00000000a8980000, 0x00000000e0000000)
  object space 140800K, 30% used [0x00000000a0000000,0x00000000a29b2610,0x00000000a8980000)
 Metaspace       used 72337K, capacity 76302K, committed 76696K, reserved 1116160K
  class space    used 9821K, capacity 10570K, committed 10664K, reserved 1048576K
Event: 18.716 GC heap after
Heap after GC invocations=23 (full 3):
 PSYoungGen      total 364032K, used 14268K [0x00000000e0000000, 0x00000000f7a00000, 0x0000000100000000)
  eden space 342016K, 0% used [0x00000000e0000000,0x00000000e0000000,0x00000000f4e00000)
  from space 22016K, 64% used [0x00000000f6480000,0x00000000f726f1a8,0x00000000f7a00000)
  to   space 22528K, 0% used [0x00000000f4e00000,0x00000000f4e00000,0x00000000f6400000)
 ParOldGen       total 140800K, used 42801K [0x00000000a0000000, 0x00000000a8980000, 0x00000000e0000000)
  object space 140800K, 30% used [0x00000000a0000000,0x00000000a29cc610,0x00000000a8980000)
 Metaspace       used 72337K, capacity 76302K, committed 76696K, reserved 1116160K
  class space    used 9821K, capacity 10570K, committed 10664K, reserved 1048576K
}
Event: 19.294 GC heap before
{Heap before GC invocations=24 (full 3):
 PSYoungGen      total 364032K, used 356284K [0x00000000e0000000, 0x00000000f7a00000, 0x0000000100000000)
  eden space 342016K, 100% used [0x00000000e0000000,0x00000000f4e00000,0x00000000f4e00000)
  from space 22016K, 64% used [0x00000000f6480000,0x00000000f726f1a8,0x00000000f7a00000)
  to   space 22528K, 0% used [0x00000000f4e00000,0x00000000f4e00000,0x00000000f6400000)
 ParOldGen       total 140800K, used 42801K [0x00000000a0000000, 0x00000000a8980000, 0x00000000e0000000)
  object space 140800K, 30% used [0x00000000a0000000,0x00000000a29cc610,0x00000000a8980000)
 Metaspace       used 72658K, capacity 76678K, committed 76952K, reserved 1116160K
  class space    used 9843K, capacity 10604K, committed 10664K, reserved 1048576K
Event: 19.325 GC heap after
Heap after GC invocations=24 (full 3):
 PSYoungGen      total 364544K, used 19391K [0x00000000e0000000, 0x00000000fc700000, 0x0000000100000000)
  eden space 342016K, 0% used [0x00000000e0000000,0x00000000e0000000,0x00000000f4e00000)
  from space 22528K, 86% used [0x00000000f4e00000,0x00000000f60efd00,0x00000000f6400000)
  to   space 24576K, 0% used [0x00000000faf00000,0x00000000faf00000,0x00000000fc700000)
 ParOldGen       total 140800K, used 43758K [0x00000000a0000000, 0x00000000a8980000, 0x00000000e0000000)
  object space 140800K, 31% used [0x00000000a0000000,0x00000000a2abb8c0,0x00000000a8980000)
 Metaspace       used 72658K, capacity 76678K, committed 76952K, reserved 1116160K
  class space    used 9843K, capacity 10604K, committed 10664K, reserved 1048576K
}

