# JRE version: OpenJDK Runtime Environment (8.0_202-b03) (build 1.8.0_202-release-1483-b03)
# Java VM: OpenJDK 64-Bit Server VM (25.202-b03 mixed mode windows-amd64 compressed oops)
Heap:
 PSYoungGen      total 101888K, used 3448K [0x00000000e0000000, 0x00000000e7d00000, 0x0000000100000000)
  eden space 75776K, 0% used [0x00000000e0000000,0x00000000e0000000,0x00000000e4a00000)
  from space 26112K, 13% used [0x00000000e6380000,0x00000000e66de350,0x00000000e7d00000)
  to   space 15872K, 0% used [0x00000000e4b80000,0x00000000e4b80000,0x00000000e5b00000)
 ParOldGen       total 117760K, used 56443K [0x00000000a0000000, 0x00000000a7300000, 0x00000000e0000000)
  object space 117760K, 47% used [0x00000000a0000000,0x00000000a371ef60,0x00000000a7300000)
 Metaspace       used 83644K, capacity 86228K, committed 86872K, reserved 1132544K
  class space    used 10713K, capacity 11273K, committed 11392K, reserved 1048576K
GC Heap History (10 events):
Event: 547.613 GC heap after
Heap after GC invocations=18 (full 3):
 PSYoungGen      total 91648K, used 15520K [0x00000000e0000000, 0x00000000e7d00000, 0x0000000100000000)
  eden space 75776K, 0% used [0x00000000e0000000,0x00000000e0000000,0x00000000e4a00000)
  from space 15872K, 97% used [0x00000000e4b80000,0x00000000e5aa8158,0x00000000e5b00000)
  to   space 26112K, 0% used [0x00000000e6380000,0x00000000e6380000,0x00000000e7d00000)
 ParOldGen       total 117760K, used 49378K [0x00000000a0000000, 0x00000000a7300000, 0x00000000e0000000)
  object space 117760K, 41% used [0x00000000a0000000,0x00000000a3038830,0x00000000a7300000)
 Metaspace       used 73468K, capacity 75912K, committed 76120K, reserved 1116160K
  class space    used 9487K, capacity 10029K, committed 10112K, reserved 1048576K
}
Event: 556.391 GC heap before
{Heap before GC invocations=19 (full 3):
 PSYoungGen      total 91648K, used 91296K [0x00000000e0000000, 0x00000000e7d00000, 0x0000000100000000)
  eden space 75776K, 100% used [0x00000000e0000000,0x00000000e4a00000,0x00000000e4a00000)
  from space 15872K, 97% used [0x00000000e4b80000,0x00000000e5aa8158,0x00000000e5b00000)
  to   space 26112K, 0% used [0x00000000e6380000,0x00000000e6380000,0x00000000e7d00000)
 ParOldGen       total 117760K, used 49378K [0x00000000a0000000, 0x00000000a7300000, 0x00000000e0000000)
  object space 117760K, 41% used [0x00000000a0000000,0x00000000a3038830,0x00000000a7300000)
 Metaspace       used 78912K, capacity 81390K, committed 81624K, reserved 1120256K
  class space    used 10095K, capacity 10638K, committed 10752K, reserved 1048576K
Event: 556.410 GC heap after
Heap after GC invocations=19 (full 3):
 PSYoungGen      total 101888K, used 26095K [0x00000000e0000000, 0x00000000e7d00000, 0x0000000100000000)
  eden space 75776K, 0% used [0x00000000e0000000,0x00000000e0000000,0x00000000e4a00000)
  from space 26112K, 99% used [0x00000000e6380000,0x00000000e7cfbc50,0x00000000e7d00000)
  to   space 15872K, 0% used [0x00000000e4b80000,0x00000000e4b80000,0x00000000e5b00000)
 ParOldGen       total 117760K, used 50049K [0x00000000a0000000, 0x00000000a7300000, 0x00000000e0000000)
  object space 117760K, 42% used [0x00000000a0000000,0x00000000a30e06f8,0x00000000a7300000)
 Metaspace       used 78912K, capacity 81390K, committed 81624K, reserved 1120256K
  class space    used 10095K, capacity 10638K, committed 10752K, reserved 1048576K
}
Event: 559.669 GC heap before
{Heap before GC invocations=20 (full 3):
 PSYoungGen      total 101888K, used 99992K [0x00000000e0000000, 0x00000000e7d00000, 0x0000000100000000)
  eden space 75776K, 97% used [0x00000000e0000000,0x00000000e482a4e0,0x00000000e4a00000)
  from space 26112K, 99% used [0x00000000e6380000,0x00000000e7cfbc50,0x00000000e7d00000)
  to   space 15872K, 0% used [0x00000000e4b80000,0x00000000e4b80000,0x00000000e5b00000)
 ParOldGen       total 117760K, used 50049K [0x00000000a0000000, 0x00000000a7300000, 0x00000000e0000000)
  object space 117760K, 42% used [0x00000000a0000000,0x00000000a30e06f8,0x00000000a7300000)
 Metaspace       used 82163K, capacity 85066K, committed 85208K, reserved 1130496K
  class space    used 10529K, capacity 11160K, committed 11264K, reserved 1048576K
Event: 559.686 GC heap after
Heap after GC invocations=20 (full 3):
 PSYoungGen      total 91648K, used 15868K [0x00000000e0000000, 0x00000000e7d00000, 0x0000000100000000)
  eden space 75776K, 0% used [0x00000000e0000000,0x00000000e0000000,0x00000000e4a00000)
  from space 15872K, 99% used [0x00000000e4b80000,0x00000000e5aff148,0x00000000e5b00000)
  to   space 26112K, 0% used [0x00000000e6380000,0x00000000e6380000,0x00000000e7d00000)
 ParOldGen       total 117760K, used 66886K [0x00000000a0000000, 0x00000000a7300000, 0x00000000e0000000)
  object space 117760K, 56% used [0x00000000a0000000,0x00000000a4151b98,0x00000000a7300000)
 Metaspace       used 82163K, capacity 85066K, committed 85208K, reserved 1130496K
  class space    used 10529K, capacity 11160K, committed 11264K, reserved 1048576K
}
Event: 559.686 GC heap before
{Heap before GC invocations=21 (full 4):
 PSYoungGen      total 91648K, used 15868K [0x00000000e0000000, 0x00000000e7d00000, 0x0000000100000000)
  eden space 75776K, 0% used [0x00000000e0000000,0x00000000e0000000,0x00000000e4a00000)
  from space 15872K, 99% used [0x00000000e4b80000,0x00000000e5aff148,0x00000000e5b00000)
  to   space 26112K, 0% used [0x00000000e6380000,0x00000000e6380000,0x00000000e7d00000)
 ParOldGen       total 117760K, used 66886K [0x00000000a0000000, 0x00000000a7300000, 0x00000000e0000000)
  object space 117760K, 56% used [0x00000000a0000000,0x00000000a4151b98,0x00000000a7300000)
 Metaspace       used 82163K, capacity 85066K, committed 85208K, reserved 1130496K
  class space    used 10529K, capacity 11160K, committed 11264K, reserved 1048576K
Event: 559.856 GC heap after
Heap after GC invocations=21 (full 4):
 PSYoungGen      total 91648K, used 0K [0x00000000e0000000, 0x00000000e7d00000, 0x0000000100000000)
  eden space 75776K, 0% used [0x00000000e0000000,0x00000000e0000000,0x00000000e4a00000)
  from space 15872K, 0% used [0x00000000e4b80000,0x00000000e4b80000,0x00000000e5b00000)
  to   space 26112K, 0% used [0x00000000e6380000,0x00000000e6380000,0x00000000e7d00000)
 ParOldGen       total 117760K, used 56435K [0x00000000a0000000, 0x00000000a7300000, 0x00000000e0000000)
  object space 117760K, 47% used [0x00000000a0000000,0x00000000a371cf60,0x00000000a7300000)
 Metaspace       used 81885K, capacity 84302K, committed 85208K, reserved 1128448K
  class space    used 10438K, capacity 10998K, committed 11264K, reserved 1048576K
}
Event: 560.203 GC heap before
{Heap before GC invocations=22 (full 4):
 PSYoungGen      total 91648K, used 28037K [0x00000000e0000000, 0x00000000e7d00000, 0x0000000100000000)
  eden space 75776K, 36% used [0x00000000e0000000,0x00000000e1b61418,0x00000000e4a00000)
  from space 15872K, 0% used [0x00000000e4b80000,0x00000000e4b80000,0x00000000e5b00000)
  to   space 26112K, 0% used [0x00000000e6380000,0x00000000e6380000,0x00000000e7d00000)
 ParOldGen       total 117760K, used 56435K [0x00000000a0000000, 0x00000000a7300000, 0x00000000e0000000)
  object space 117760K, 47% used [0x00000000a0000000,0x00000000a371cf60,0x00000000a7300000)
 Metaspace       used 83644K, capacity 86228K, committed 86872K, reserved 1132544K
  class space    used 10713K, capacity 11273K, committed 11392K, reserved 1048576K
Event: 560.209 GC heap after
Heap after GC invocations=22 (full 4):
 PSYoungGen      total 101888K, used 3448K [0x00000000e0000000, 0x00000000e7d00000, 0x0000000100000000)
  eden space 75776K, 0% used [0x00000000e0000000,0x00000000e0000000,0x00000000e4a00000)
  from space 26112K, 13% used [0x00000000e6380000,0x00000000e66de350,0x00000000e7d00000)
  to   space 15872K, 0% used [0x00000000e4b80000,0x00000000e4b80000,0x00000000e5b00000)
 ParOldGen       total 117760K, used 56443K [0x00000000a0000000, 0x00000000a7300000, 0x00000000e0000000)
  object space 117760K, 47% used [0x00000000a0000000,0x00000000a371ef60,0x00000000a7300000)
 Metaspace       used 83644K, capacity 86228K, committed 86872K, reserved 1132544K
  class space    used 10713K, capacity 11273K, committed 11392K, reserved 1048576K
}
Event: 560.209 GC heap before
{Heap before GC invocations=23 (full 5):
 PSYoungGen      total 101888K, used 3448K [0x00000000e0000000, 0x00000000e7d00000, 0x0000000100000000)
  eden space 75776K, 0% used [0x00000000e0000000,0x00000000e0000000,0x00000000e4a00000)
  from space 26112K, 13% used [0x00000000e6380000,0x00000000e66de350,0x00000000e7d00000)
  to   space 15872K, 0% used [0x00000000e4b80000,0x00000000e4b80000,0x00000000e5b00000)
 ParOldGen       total 117760K, used 56443K [0x00000000a0000000, 0x00000000a7300000, 0x00000000e0000000)
  object space 117760K, 47% used [0x00000000a0000000,0x00000000a371ef60,0x00000000a7300000)
 Metaspace       used 83644K, capacity 86228K, committed 86872K, reserved 1132544K
  class space    used 10713K, capacity 11273K, committed 11392K, reserved 1048576K

