# JRE version: OpenJDK Runtime Environment (8.0_202-b03) (build 1.8.0_202-release-1483-b03)
# Java VM: OpenJDK 64-Bit Server VM (25.202-b03 mixed mode windows-amd64 compressed oops)
Heap:
 PSYoungGen      total 98304K, used 53789K [0x00000000e0000000, 0x00000000e7100000, 0x0000000100000000)
  eden space 82944K, 49% used [0x00000000e0000000,0x00000000e287dd08,0x00000000e5100000)
  from space 15360K, 80% used [0x00000000e6180000,0x00000000e6d89840,0x00000000e7080000)
  to   space 16384K, 0% used [0x00000000e5100000,0x00000000e5100000,0x00000000e6100000)
 ParOldGen       total 122368K, used 36139K [0x00000000a0000000, 0x00000000a7780000, 0x00000000e0000000)
  object space 122368K, 29% used [0x00000000a0000000,0x00000000a234ac20,0x00000000a7780000)
 Metaspace       used 71726K, capacity 75424K, committed 75736K, reserved 1114112K
  class space    used 9673K, capacity 10373K, committed 10496K, reserved 1048576K
GC Heap History (10 events):
Event: 24.736 GC heap before
{Heap before GC invocations=23 (full 3):
 PSYoungGen      total 67584K, used 10641K [0x00000000e0000000, 0x00000000e5a80000, 0x0000000100000000)
  eden space 52224K, 0% used [0x00000000e0000000,0x00000000e0000000,0x00000000e3300000)
  from space 15360K, 69% used [0x00000000e4280000,0x00000000e4ce44c0,0x00000000e5180000)
  to   space 15872K, 0% used [0x00000000e3300000,0x00000000e3300000,0x00000000e4280000)
 ParOldGen       total 99328K, used 21330K [0x00000000a0000000, 0x00000000a6100000, 0x00000000e0000000)
  object space 99328K, 21% used [0x00000000a0000000,0x00000000a14d4810,0x00000000a6100000)
 Metaspace       used 57147K, capacity 58802K, committed 58968K, reserved 1099776K
  class space    used 7789K, capacity 8200K, committed 8320K, reserved 1048576K
Event: 24.954 GC heap after
Heap after GC invocations=23 (full 3):
 PSYoungGen      total 67584K, used 0K [0x00000000e0000000, 0x00000000e5a80000, 0x0000000100000000)
  eden space 52224K, 0% used [0x00000000e0000000,0x00000000e0000000,0x00000000e3300000)
  from space 15360K, 0% used [0x00000000e4280000,0x00000000e4280000,0x00000000e5180000)
  to   space 15872K, 0% used [0x00000000e3300000,0x00000000e3300000,0x00000000e4280000)
 ParOldGen       total 122368K, used 29457K [0x00000000a0000000, 0x00000000a7780000, 0x00000000e0000000)
  object space 122368K, 24% used [0x00000000a0000000,0x00000000a1cc4468,0x00000000a7780000)
 Metaspace       used 57094K, capacity 58648K, committed 58968K, reserved 1099776K
  class space    used 7772K, capacity 8171K, committed 8320K, reserved 1048576K
}
Event: 137.012 GC heap before
{Heap before GC invocations=24 (full 3):
 PSYoungGen      total 67584K, used 52224K [0x00000000e0000000, 0x00000000e5a80000, 0x0000000100000000)
  eden space 52224K, 100% used [0x00000000e0000000,0x00000000e3300000,0x00000000e3300000)
  from space 15360K, 0% used [0x00000000e4280000,0x00000000e4280000,0x00000000e5180000)
  to   space 15872K, 0% used [0x00000000e3300000,0x00000000e3300000,0x00000000e4280000)
 ParOldGen       total 122368K, used 29457K [0x00000000a0000000, 0x00000000a7780000, 0x00000000e0000000)
  object space 122368K, 24% used [0x00000000a0000000,0x00000000a1cc4468,0x00000000a7780000)
 Metaspace       used 61256K, capacity 62994K, committed 63064K, reserved 1103872K
  class space    used 8115K, capacity 8546K, committed 8576K, reserved 1048576K
Event: 137.018 GC heap after
Heap after GC invocations=24 (full 3):
 PSYoungGen      total 68096K, used 5666K [0x00000000e0000000, 0x00000000e6080000, 0x0000000100000000)
  eden space 52224K, 0% used [0x00000000e0000000,0x00000000e0000000,0x00000000e3300000)
  from space 15872K, 35% used [0x00000000e3300000,0x00000000e38888f8,0x00000000e4280000)
  to   space 15360K, 0% used [0x00000000e5180000,0x00000000e5180000,0x00000000e6080000)
 ParOldGen       total 122368K, used 29465K [0x00000000a0000000, 0x00000000a7780000, 0x00000000e0000000)
  object space 122368K, 24% used [0x00000000a0000000,0x00000000a1cc6468,0x00000000a7780000)
 Metaspace       used 61256K, capacity 62994K, committed 63064K, reserved 1103872K
  class space    used 8115K, capacity 8546K, committed 8576K, reserved 1048576K
}
Event: 140.082 GC heap before
{Heap before GC invocations=25 (full 3):
 PSYoungGen      total 68096K, used 57890K [0x00000000e0000000, 0x00000000e6080000, 0x0000000100000000)
  eden space 52224K, 100% used [0x00000000e0000000,0x00000000e3300000,0x00000000e3300000)
  from space 15872K, 35% used [0x00000000e3300000,0x00000000e38888f8,0x00000000e4280000)
  to   space 15360K, 0% used [0x00000000e5180000,0x00000000e5180000,0x00000000e6080000)
 ParOldGen       total 122368K, used 29465K [0x00000000a0000000, 0x00000000a7780000, 0x00000000e0000000)
  object space 122368K, 24% used [0x00000000a0000000,0x00000000a1cc6468,0x00000000a7780000)
 Metaspace       used 62973K, capacity 64836K, committed 65112K, reserved 1105920K
  class space    used 8305K, capacity 8745K, committed 8832K, reserved 1048576K
Event: 140.087 GC heap after
Heap after GC invocations=25 (full 3):
 PSYoungGen      total 80384K, used 7869K [0x00000000e0000000, 0x00000000e5e80000, 0x0000000100000000)
  eden space 67072K, 0% used [0x00000000e0000000,0x00000000e0000000,0x00000000e4180000)
  from space 13312K, 59% used [0x00000000e5180000,0x00000000e592f448,0x00000000e5e80000)
  to   space 14848K, 0% used [0x00000000e4180000,0x00000000e4180000,0x00000000e5000000)
 ParOldGen       total 122368K, used 29473K [0x00000000a0000000, 0x00000000a7780000, 0x00000000e0000000)
  object space 122368K, 24% used [0x00000000a0000000,0x00000000a1cc8468,0x00000000a7780000)
 Metaspace       used 62973K, capacity 64836K, committed 65112K, reserved 1105920K
  class space    used 8305K, capacity 8745K, committed 8832K, reserved 1048576K
}
Event: 144.495 GC heap before
{Heap before GC invocations=26 (full 3):
 PSYoungGen      total 80384K, used 74941K [0x00000000e0000000, 0x00000000e5e80000, 0x0000000100000000)
  eden space 67072K, 100% used [0x00000000e0000000,0x00000000e4180000,0x00000000e4180000)
  from space 13312K, 59% used [0x00000000e5180000,0x00000000e592f448,0x00000000e5e80000)
  to   space 14848K, 0% used [0x00000000e4180000,0x00000000e4180000,0x00000000e5000000)
 ParOldGen       total 122368K, used 29473K [0x00000000a0000000, 0x00000000a7780000, 0x00000000e0000000)
  object space 122368K, 24% used [0x00000000a0000000,0x00000000a1cc8468,0x00000000a7780000)
 Metaspace       used 63430K, capacity 65320K, committed 65368K, reserved 1105920K
  class space    used 8347K, capacity 8787K, committed 8832K, reserved 1048576K
Event: 144.503 GC heap after
Heap after GC invocations=26 (full 3):
 PSYoungGen      total 81920K, used 11789K [0x00000000e0000000, 0x00000000e7080000, 0x0000000100000000)
  eden space 67072K, 0% used [0x00000000e0000000,0x00000000e0000000,0x00000000e4180000)
  from space 14848K, 79% used [0x00000000e4180000,0x00000000e4d036b0,0x00000000e5000000)
  to   space 15360K, 0% used [0x00000000e6180000,0x00000000e6180000,0x00000000e7080000)
 ParOldGen       total 122368K, used 29481K [0x00000000a0000000, 0x00000000a7780000, 0x00000000e0000000)
  object space 122368K, 24% used [0x00000000a0000000,0x00000000a1cca468,0x00000000a7780000)
 Metaspace       used 63430K, capacity 65320K, committed 65368K, reserved 1105920K
  class space    used 8347K, capacity 8787K, committed 8832K, reserved 1048576K
}
Event: 152.012 GC heap before
{Heap before GC invocations=27 (full 3):
 PSYoungGen      total 81920K, used 78861K [0x00000000e0000000, 0x00000000e7080000, 0x0000000100000000)
  eden space 67072K, 100% used [0x00000000e0000000,0x00000000e4180000,0x00000000e4180000)
  from space 14848K, 79% used [0x00000000e4180000,0x00000000e4d036b0,0x00000000e5000000)
  to   space 15360K, 0% used [0x00000000e6180000,0x00000000e6180000,0x00000000e7080000)
 ParOldGen       total 122368K, used 29481K [0x00000000a0000000, 0x00000000a7780000, 0x00000000e0000000)
  object space 122368K, 24% used [0x00000000a0000000,0x00000000a1cca468,0x00000000a7780000)
 Metaspace       used 70508K, capacity 73550K, committed 73816K, reserved 1114112K
  class space    used 9462K, capacity 10082K, committed 10112K, reserved 1048576K
Event: 152.023 GC heap after
Heap after GC invocations=27 (full 3):
 PSYoungGen      total 98304K, used 12326K [0x00000000e0000000, 0x00000000e7100000, 0x0000000100000000)
  eden space 82944K, 0% used [0x00000000e0000000,0x00000000e0000000,0x00000000e5100000)
  from space 15360K, 80% used [0x00000000e6180000,0x00000000e6d89840,0x00000000e7080000)
  to   space 16384K, 0% used [0x00000000e5100000,0x00000000e5100000,0x00000000e6100000)
 ParOldGen       total 122368K, used 36139K [0x00000000a0000000, 0x00000000a7780000, 0x00000000e0000000)
  object space 122368K, 29% used [0x00000000a0000000,0x00000000a234ac20,0x00000000a7780000)
 Metaspace       used 70508K, capacity 73550K, committed 73816K, reserved 1114112K
  class space    used 9462K, capacity 10082K, committed 10112K, reserved 1048576K
}

