# JRE version: OpenJDK Runtime Environment (8.0_202-b03) (build 1.8.0_202-release-1483-b03)
# Java VM: OpenJDK 64-Bit Server VM (25.202-b03 mixed mode windows-amd64 compressed oops)
Heap:
 PSYoungGen      total 192000K, used 86416K [0x00000000e0000000, 0x00000000ef200000, 0x0000000100000000)
  eden space 172544K, 39% used [0x00000000e0000000,0x00000000e41e4e78,0x00000000ea880000)
  from space 19456K, 97% used [0x00000000ea880000,0x00000000ebaff360,0x00000000ebb80000)
  to   space 22016K, 0% used [0x00000000edc80000,0x00000000edc80000,0x00000000ef200000)
 ParOldGen       total 89088K, used 29292K [0x00000000a0000000, 0x00000000a5700000, 0x00000000e0000000)
  object space 89088K, 32% used [0x00000000a0000000,0x00000000a1c9b348,0x00000000a5700000)
 Metaspace       used 64348K, capacity 66748K, committed 67096K, reserved 1107968K
  class space    used 8637K, capacity 9175K, committed 9256K, reserved 1048576K
GC Heap History (10 events):
Event: 4.591 GC heap before
{Heap before GC invocations=12 (full 2):
 PSYoungGen      total 120320K, used 109568K [0x00000000e0000000, 0x00000000eab00000, 0x0000000100000000)
  eden space 109568K, 100% used [0x00000000e0000000,0x00000000e6b00000,0x00000000e6b00000)
  from space 10752K, 0% used [0x00000000e6b00000,0x00000000e6b00000,0x00000000e7580000)
  to   space 11776K, 0% used [0x00000000e9f80000,0x00000000e9f80000,0x00000000eab00000)
 ParOldGen       total 89088K, used 17344K [0x00000000a0000000, 0x00000000a5700000, 0x00000000e0000000)
  object space 89088K, 19% used [0x00000000a0000000,0x00000000a10f02d0,0x00000000a5700000)
 Metaspace       used 45412K, capacity 46474K, committed 46632K, reserved 1089536K
  class space    used 6128K, capacity 6418K, committed 6440K, reserved 1048576K
Event: 4.601 GC heap after
Heap after GC invocations=12 (full 2):
 PSYoungGen      total 150016K, used 11775K [0x00000000e0000000, 0x00000000eab00000, 0x0000000100000000)
  eden space 138240K, 0% used [0x00000000e0000000,0x00000000e0000000,0x00000000e8700000)
  from space 11776K, 99% used [0x00000000e9f80000,0x00000000eaafffa0,0x00000000eab00000)
  to   space 14336K, 0% used [0x00000000e8f00000,0x00000000e8f00000,0x00000000e9d00000)
 ParOldGen       total 89088K, used 20513K [0x00000000a0000000, 0x00000000a5700000, 0x00000000e0000000)
  object space 89088K, 23% used [0x00000000a0000000,0x00000000a1408640,0x00000000a5700000)
 Metaspace       used 45412K, capacity 46474K, committed 46632K, reserved 1089536K
  class space    used 6128K, capacity 6418K, committed 6440K, reserved 1048576K
}
Event: 5.790 GC heap before
{Heap before GC invocations=13 (full 2):
 PSYoungGen      total 150016K, used 150015K [0x00000000e0000000, 0x00000000eab00000, 0x0000000100000000)
  eden space 138240K, 100% used [0x00000000e0000000,0x00000000e8700000,0x00000000e8700000)
  from space 11776K, 99% used [0x00000000e9f80000,0x00000000eaafffa0,0x00000000eab00000)
  to   space 14336K, 0% used [0x00000000e8f00000,0x00000000e8f00000,0x00000000e9d00000)
 ParOldGen       total 89088K, used 20513K [0x00000000a0000000, 0x00000000a5700000, 0x00000000e0000000)
  object space 89088K, 23% used [0x00000000a0000000,0x00000000a1408640,0x00000000a5700000)
 Metaspace       used 56826K, capacity 58466K, committed 58664K, reserved 1099776K
  class space    used 7733K, capacity 8148K, committed 8232K, reserved 1048576K
Event: 5.805 GC heap after
Heap after GC invocations=13 (full 2):
 PSYoungGen      total 160768K, used 14317K [0x00000000e0000000, 0x00000000ece00000, 0x0000000100000000)
  eden space 146432K, 0% used [0x00000000e0000000,0x00000000e0000000,0x00000000e8f00000)
  from space 14336K, 99% used [0x00000000e8f00000,0x00000000e9cfb760,0x00000000e9d00000)
  to   space 18944K, 0% used [0x00000000ebb80000,0x00000000ebb80000,0x00000000ece00000)
 ParOldGen       total 89088K, used 28211K [0x00000000a0000000, 0x00000000a5700000, 0x00000000e0000000)
  object space 89088K, 31% used [0x00000000a0000000,0x00000000a1b8ccf8,0x00000000a5700000)
 Metaspace       used 56826K, capacity 58466K, committed 58664K, reserved 1099776K
  class space    used 7733K, capacity 8148K, committed 8232K, reserved 1048576K
}
Event: 5.918 GC heap before
{Heap before GC invocations=14 (full 2):
 PSYoungGen      total 160768K, used 28559K [0x00000000e0000000, 0x00000000ece00000, 0x0000000100000000)
  eden space 146432K, 9% used [0x00000000e0000000,0x00000000e0de86e8,0x00000000e8f00000)
  from space 14336K, 99% used [0x00000000e8f00000,0x00000000e9cfb760,0x00000000e9d00000)
  to   space 18944K, 0% used [0x00000000ebb80000,0x00000000ebb80000,0x00000000ece00000)
 ParOldGen       total 89088K, used 28211K [0x00000000a0000000, 0x00000000a5700000, 0x00000000e0000000)
  object space 89088K, 31% used [0x00000000a0000000,0x00000000a1b8ccf8,0x00000000a5700000)
 Metaspace       used 57494K, capacity 59158K, committed 59160K, reserved 1099776K
  class space    used 7822K, capacity 8232K, committed 8232K, reserved 1048576K
Event: 5.925 GC heap after
Heap after GC invocations=14 (full 2):
 PSYoungGen      total 191488K, used 1598K [0x00000000e0000000, 0x00000000ee280000, 0x0000000100000000)
  eden space 172544K, 0% used [0x00000000e0000000,0x00000000e0000000,0x00000000ea880000)
  from space 18944K, 8% used [0x00000000ebb80000,0x00000000ebd0fa28,0x00000000ece00000)
  to   space 19456K, 0% used [0x00000000ea880000,0x00000000ea880000,0x00000000ebb80000)
 ParOldGen       total 89088K, used 33960K [0x00000000a0000000, 0x00000000a5700000, 0x00000000e0000000)
  object space 89088K, 38% used [0x00000000a0000000,0x00000000a212a390,0x00000000a5700000)
 Metaspace       used 57494K, capacity 59158K, committed 59160K, reserved 1099776K
  class space    used 7822K, capacity 8232K, committed 8232K, reserved 1048576K
}
Event: 5.925 GC heap before
{Heap before GC invocations=15 (full 3):
 PSYoungGen      total 191488K, used 1598K [0x00000000e0000000, 0x00000000ee280000, 0x0000000100000000)
  eden space 172544K, 0% used [0x00000000e0000000,0x00000000e0000000,0x00000000ea880000)
  from space 18944K, 8% used [0x00000000ebb80000,0x00000000ebd0fa28,0x00000000ece00000)
  to   space 19456K, 0% used [0x00000000ea880000,0x00000000ea880000,0x00000000ebb80000)
 ParOldGen       total 89088K, used 33960K [0x00000000a0000000, 0x00000000a5700000, 0x00000000e0000000)
  object space 89088K, 38% used [0x00000000a0000000,0x00000000a212a390,0x00000000a5700000)
 Metaspace       used 57494K, capacity 59158K, committed 59160K, reserved 1099776K
  class space    used 7822K, capacity 8232K, committed 8232K, reserved 1048576K
Event: 6.146 GC heap after
Heap after GC invocations=15 (full 3):
 PSYoungGen      total 191488K, used 0K [0x00000000e0000000, 0x00000000ee280000, 0x0000000100000000)
  eden space 172544K, 0% used [0x00000000e0000000,0x00000000e0000000,0x00000000ea880000)
  from space 18944K, 0% used [0x00000000ebb80000,0x00000000ebb80000,0x00000000ece00000)
  to   space 19456K, 0% used [0x00000000ea880000,0x00000000ea880000,0x00000000ebb80000)
 ParOldGen       total 89088K, used 29284K [0x00000000a0000000, 0x00000000a5700000, 0x00000000e0000000)
  object space 89088K, 32% used [0x00000000a0000000,0x00000000a1c99348,0x00000000a5700000)
 Metaspace       used 57494K, capacity 59158K, committed 59160K, reserved 1099776K
  class space    used 7822K, capacity 8232K, committed 8232K, reserved 1048576K
}
Event: 9.131 GC heap before
{Heap before GC invocations=16 (full 3):
 PSYoungGen      total 191488K, used 172544K [0x00000000e0000000, 0x00000000ee280000, 0x0000000100000000)
  eden space 172544K, 100% used [0x00000000e0000000,0x00000000ea880000,0x00000000ea880000)
  from space 18944K, 0% used [0x00000000ebb80000,0x00000000ebb80000,0x00000000ece00000)
  to   space 19456K, 0% used [0x00000000ea880000,0x00000000ea880000,0x00000000ebb80000)
 ParOldGen       total 89088K, used 29284K [0x00000000a0000000, 0x00000000a5700000, 0x00000000e0000000)
  object space 89088K, 32% used [0x00000000a0000000,0x00000000a1c99348,0x00000000a5700000)
 Metaspace       used 61765K, capacity 64076K, committed 64152K, reserved 1103872K
  class space    used 8373K, capacity 8835K, committed 8872K, reserved 1048576K
Event: 9.142 GC heap after
Heap after GC invocations=16 (full 3):
 PSYoungGen      total 192000K, used 18940K [0x00000000e0000000, 0x00000000ef200000, 0x0000000100000000)
  eden space 172544K, 0% used [0x00000000e0000000,0x00000000e0000000,0x00000000ea880000)
  from space 19456K, 97% used [0x00000000ea880000,0x00000000ebaff360,0x00000000ebb80000)
  to   space 22016K, 0% used [0x00000000edc80000,0x00000000edc80000,0x00000000ef200000)
 ParOldGen       total 89088K, used 29292K [0x00000000a0000000, 0x00000000a5700000, 0x00000000e0000000)
  object space 89088K, 32% used [0x00000000a0000000,0x00000000a1c9b348,0x00000000a5700000)
 Metaspace       used 61765K, capacity 64076K, committed 64152K, reserved 1103872K
  class space    used 8373K, capacity 8835K, committed 8872K, reserved 1048576K
}

