# JRE version: OpenJDK Runtime Environment (8.0_202-b03) (build 1.8.0_202-release-1483-b03)
# Java VM: OpenJDK 64-Bit Server VM (25.202-b03 mixed mode windows-amd64 compressed oops)
Heap:
 PSYoungGen      total 323072K, used 51205K [0x00000000e0000000, 0x00000000f5a00000, 0x0000000100000000)
  eden space 297984K, 9% used [0x00000000e0000000,0x00000000e1a72b00,0x00000000f2300000)
  from space 25088K, 96% used [0x00000000f4100000,0x00000000f588e9d0,0x00000000f5980000)
  to   space 28160K, 0% used [0x00000000f2300000,0x00000000f2300000,0x00000000f3e80000)
 ParOldGen       total 154624K, used 32516K [0x00000000a0000000, 0x00000000a9700000, 0x00000000e0000000)
  object space 154624K, 21% used [0x00000000a0000000,0x00000000a1fc1138,0x00000000a9700000)
 Metaspace       used 78899K, capacity 81744K, committed 82008K, reserved 1120256K
  class space    used 10274K, capacity 10866K, committed 10880K, reserved 1048576K
GC Heap History (10 events):
Event: 18.750 GC heap before
{Heap before GC invocations=9 (full 2):
 PSYoungGen      total 197120K, used 186368K [0x00000000e0000000, 0x00000000ed800000, 0x0000000100000000)
  eden space 186368K, 100% used [0x00000000e0000000,0x00000000eb600000,0x00000000eb600000)
  from space 10752K, 0% used [0x00000000ecd80000,0x00000000ecd80000,0x00000000ed800000)
  to   space 15872K, 0% used [0x00000000eb900000,0x00000000eb900000,0x00000000ec880000)
 ParOldGen       total 104960K, used 17288K [0x00000000a0000000, 0x00000000a6680000, 0x00000000e0000000)
  object space 104960K, 16% used [0x00000000a0000000,0x00000000a10e2240,0x00000000a6680000)
 Metaspace       used 51806K, capacity 53202K, committed 53464K, reserved 1095680K
  class space    used 7029K, capacity 7388K, committed 7424K, reserved 1048576K
Event: 18.768 GC heap after
Heap after GC invocations=9 (full 2):
 PSYoungGen      total 205312K, used 15866K [0x00000000e0000000, 0x00000000f3180000, 0x0000000100000000)
  eden space 189440K, 0% used [0x00000000e0000000,0x00000000e0000000,0x00000000eb900000)
  from space 15872K, 99% used [0x00000000eb900000,0x00000000ec87e9c0,0x00000000ec880000)
  to   space 22528K, 0% used [0x00000000f1b80000,0x00000000f1b80000,0x00000000f3180000)
 ParOldGen       total 104960K, used 25054K [0x00000000a0000000, 0x00000000a6680000, 0x00000000e0000000)
  object space 104960K, 23% used [0x00000000a0000000,0x00000000a1877b00,0x00000000a6680000)
 Metaspace       used 51806K, capacity 53202K, committed 53464K, reserved 1095680K
  class space    used 7029K, capacity 7388K, committed 7424K, reserved 1048576K
}
Event: 22.267 GC heap before
{Heap before GC invocations=10 (full 2):
 PSYoungGen      total 205312K, used 96374K [0x00000000e0000000, 0x00000000f3180000, 0x0000000100000000)
  eden space 189440K, 42% used [0x00000000e0000000,0x00000000e4e9efa8,0x00000000eb900000)
  from space 15872K, 99% used [0x00000000eb900000,0x00000000ec87e9c0,0x00000000ec880000)
  to   space 22528K, 0% used [0x00000000f1b80000,0x00000000f1b80000,0x00000000f3180000)
 ParOldGen       total 104960K, used 25054K [0x00000000a0000000, 0x00000000a6680000, 0x00000000e0000000)
  object space 104960K, 23% used [0x00000000a0000000,0x00000000a1877b00,0x00000000a6680000)
 Metaspace       used 57251K, capacity 58920K, committed 59028K, reserved 1099776K
  class space    used 7789K, capacity 8191K, committed 8192K, reserved 1048576K
Event: 22.282 GC heap after
Heap after GC invocations=10 (full 2):
 PSYoungGen      total 288768K, used 17961K [0x00000000e0000000, 0x00000000f3480000, 0x0000000100000000)
  eden space 266240K, 0% used [0x00000000e0000000,0x00000000e0000000,0x00000000f0400000)
  from space 22528K, 79% used [0x00000000f1b80000,0x00000000f2d0a658,0x00000000f3180000)
  to   space 24064K, 0% used [0x00000000f0400000,0x00000000f0400000,0x00000000f1b80000)
 ParOldGen       total 104960K, used 25126K [0x00000000a0000000, 0x00000000a6680000, 0x00000000e0000000)
  object space 104960K, 23% used [0x00000000a0000000,0x00000000a1889b10,0x00000000a6680000)
 Metaspace       used 57251K, capacity 58920K, committed 59028K, reserved 1099776K
  class space    used 7789K, capacity 8191K, committed 8192K, reserved 1048576K
}
Event: 22.282 GC heap before
{Heap before GC invocations=11 (full 3):
 PSYoungGen      total 288768K, used 17961K [0x00000000e0000000, 0x00000000f3480000, 0x0000000100000000)
  eden space 266240K, 0% used [0x00000000e0000000,0x00000000e0000000,0x00000000f0400000)
  from space 22528K, 79% used [0x00000000f1b80000,0x00000000f2d0a658,0x00000000f3180000)
  to   space 24064K, 0% used [0x00000000f0400000,0x00000000f0400000,0x00000000f1b80000)
 ParOldGen       total 104960K, used 25126K [0x00000000a0000000, 0x00000000a6680000, 0x00000000e0000000)
  object space 104960K, 23% used [0x00000000a0000000,0x00000000a1889b10,0x00000000a6680000)
 Metaspace       used 57251K, capacity 58920K, committed 59028K, reserved 1099776K
  class space    used 7789K, capacity 8191K, committed 8192K, reserved 1048576K
Event: 22.505 GC heap after
Heap after GC invocations=11 (full 3):
 PSYoungGen      total 288768K, used 0K [0x00000000e0000000, 0x00000000f3480000, 0x0000000100000000)
  eden space 266240K, 0% used [0x00000000e0000000,0x00000000e0000000,0x00000000f0400000)
  from space 22528K, 0% used [0x00000000f1b80000,0x00000000f1b80000,0x00000000f3180000)
  to   space 24064K, 0% used [0x00000000f0400000,0x00000000f0400000,0x00000000f1b80000)
 ParOldGen       total 154624K, used 32500K [0x00000000a0000000, 0x00000000a9700000, 0x00000000e0000000)
  object space 154624K, 21% used [0x00000000a0000000,0x00000000a1fbd138,0x00000000a9700000)
 Metaspace       used 57216K, capacity 58828K, committed 59028K, reserved 1099776K
  class space    used 7778K, capacity 8171K, committed 8192K, reserved 1048576K
}
Event: 83.878 GC heap before
{Heap before GC invocations=12 (full 3):
 PSYoungGen      total 288768K, used 266240K [0x00000000e0000000, 0x00000000f3480000, 0x0000000100000000)
  eden space 266240K, 100% used [0x00000000e0000000,0x00000000f0400000,0x00000000f0400000)
  from space 22528K, 0% used [0x00000000f1b80000,0x00000000f1b80000,0x00000000f3180000)
  to   space 24064K, 0% used [0x00000000f0400000,0x00000000f0400000,0x00000000f1b80000)
 ParOldGen       total 154624K, used 32500K [0x00000000a0000000, 0x00000000a9700000, 0x00000000e0000000)
  object space 154624K, 21% used [0x00000000a0000000,0x00000000a1fbd138,0x00000000a9700000)
 Metaspace       used 68653K, capacity 70720K, committed 70872K, reserved 1110016K
  class space    used 8920K, capacity 9388K, committed 9472K, reserved 1048576K
Event: 83.892 GC heap after
Heap after GC invocations=12 (full 3):
 PSYoungGen      total 290304K, used 17044K [0x00000000e0000000, 0x00000000f5980000, 0x0000000100000000)
  eden space 266240K, 0% used [0x00000000e0000000,0x00000000e0000000,0x00000000f0400000)
  from space 24064K, 70% used [0x00000000f0400000,0x00000000f14a53b8,0x00000000f1b80000)
  to   space 25088K, 0% used [0x00000000f4100000,0x00000000f4100000,0x00000000f5980000)
 ParOldGen       total 154624K, used 32508K [0x00000000a0000000, 0x00000000a9700000, 0x00000000e0000000)
  object space 154624K, 21% used [0x00000000a0000000,0x00000000a1fbf138,0x00000000a9700000)
 Metaspace       used 68653K, capacity 70720K, committed 70872K, reserved 1110016K
  class space    used 8920K, capacity 9388K, committed 9472K, reserved 1048576K
}
Event: 112.051 GC heap before
{Heap before GC invocations=13 (full 3):
 PSYoungGen      total 290304K, used 283284K [0x00000000e0000000, 0x00000000f5980000, 0x0000000100000000)
  eden space 266240K, 100% used [0x00000000e0000000,0x00000000f0400000,0x00000000f0400000)
  from space 24064K, 70% used [0x00000000f0400000,0x00000000f14a53b8,0x00000000f1b80000)
  to   space 25088K, 0% used [0x00000000f4100000,0x00000000f4100000,0x00000000f5980000)
 ParOldGen       total 154624K, used 32508K [0x00000000a0000000, 0x00000000a9700000, 0x00000000e0000000)
  object space 154624K, 21% used [0x00000000a0000000,0x00000000a1fbf138,0x00000000a9700000)
 Metaspace       used 76955K, capacity 79562K, committed 79704K, reserved 1118208K
  class space    used 9944K, capacity 10508K, committed 10624K, reserved 1048576K
Event: 112.077 GC heap after
Heap after GC invocations=13 (full 3):
 PSYoungGen      total 323072K, used 24122K [0x00000000e0000000, 0x00000000f5a00000, 0x0000000100000000)
  eden space 297984K, 0% used [0x00000000e0000000,0x00000000e0000000,0x00000000f2300000)
  from space 25088K, 96% used [0x00000000f4100000,0x00000000f588e9d0,0x00000000f5980000)
  to   space 28160K, 0% used [0x00000000f2300000,0x00000000f2300000,0x00000000f3e80000)
 ParOldGen       total 154624K, used 32516K [0x00000000a0000000, 0x00000000a9700000, 0x00000000e0000000)
  object space 154624K, 21% used [0x00000000a0000000,0x00000000a1fc1138,0x00000000a9700000)
 Metaspace       used 76955K, capacity 79562K, committed 79704K, reserved 1118208K
  class space    used 9944K, capacity 10508K, committed 10624K, reserved 1048576K
}

