# JRE version: OpenJDK Runtime Environment (8.0_202-b03) (build 1.8.0_202-release-1483-b03)
# Java VM: OpenJDK 64-Bit Server VM (25.202-b03 mixed mode windows-amd64 compressed oops)
Heap:
 PSYoungGen      total 102912K, used 24414K [0x00000000e0000000, 0x00000000e8b00000, 0x0000000100000000)
  eden space 82944K, 5% used [0x00000000e0000000,0x00000000e045e058,0x00000000e5100000)
  from space 19968K, 99% used [0x00000000e6b80000,0x00000000e7ef9a90,0x00000000e7f00000)
  to   space 27136K, 0% used [0x00000000e5100000,0x00000000e5100000,0x00000000e6b80000)
 ParOldGen       total 143360K, used 40793K [0x00000000a0000000, 0x00000000a8c00000, 0x00000000e0000000)
  object space 143360K, 28% used [0x00000000a0000000,0x00000000a27d6410,0x00000000a8c00000)
 Metaspace       used 77899K, capacity 80760K, committed 80856K, reserved 1120256K
  class space    used 10130K, capacity 10697K, committed 10752K, reserved 1048576K
GC Heap History (10 events):
Event: 643.660 GC heap before
{Heap before GC invocations=21 (full 3):
 PSYoungGen      total 108544K, used 108214K [0x00000000e0000000, 0x00000000e7c00000, 0x0000000100000000)
  eden space 98304K, 100% used [0x00000000e0000000,0x00000000e6000000,0x00000000e6000000)
  from space 10240K, 96% used [0x00000000e6200000,0x00000000e6badb88,0x00000000e6c00000)
  to   space 14336K, 0% used [0x00000000e6e00000,0x00000000e6e00000,0x00000000e7c00000)
 ParOldGen       total 143360K, used 29220K [0x00000000a0000000, 0x00000000a8c00000, 0x00000000e0000000)
  object space 143360K, 20% used [0x00000000a0000000,0x00000000a1c890a8,0x00000000a8c00000)
 Metaspace       used 66529K, capacity 68808K, committed 69080K, reserved 1110016K
  class space    used 8893K, capacity 9417K, committed 9472K, reserved 1048576K
Event: 643.677 GC heap after
Heap after GC invocations=21 (full 3):
 PSYoungGen      total 110592K, used 13077K [0x00000000e0000000, 0x00000000e7d00000, 0x0000000100000000)
  eden space 96256K, 0% used [0x00000000e0000000,0x00000000e0000000,0x00000000e5e00000)
  from space 14336K, 91% used [0x00000000e6e00000,0x00000000e7ac55a8,0x00000000e7c00000)
  to   space 15872K, 0% used [0x00000000e5e00000,0x00000000e5e00000,0x00000000e6d80000)
 ParOldGen       total 143360K, used 29228K [0x00000000a0000000, 0x00000000a8c00000, 0x00000000e0000000)
  object space 143360K, 20% used [0x00000000a0000000,0x00000000a1c8b0a8,0x00000000a8c00000)
 Metaspace       used 66529K, capacity 68808K, committed 69080K, reserved 1110016K
  class space    used 8893K, capacity 9417K, committed 9472K, reserved 1048576K
}
Event: 1530.830 GC heap before
{Heap before GC invocations=22 (full 3):
 PSYoungGen      total 110592K, used 109333K [0x00000000e0000000, 0x00000000e7d00000, 0x0000000100000000)
  eden space 96256K, 100% used [0x00000000e0000000,0x00000000e5e00000,0x00000000e5e00000)
  from space 14336K, 91% used [0x00000000e6e00000,0x00000000e7ac55a8,0x00000000e7c00000)
  to   space 15872K, 0% used [0x00000000e5e00000,0x00000000e5e00000,0x00000000e6d80000)
 ParOldGen       total 143360K, used 29228K [0x00000000a0000000, 0x00000000a8c00000, 0x00000000e0000000)
  object space 143360K, 20% used [0x00000000a0000000,0x00000000a1c8b0a8,0x00000000a8c00000)
 Metaspace       used 69411K, capacity 72092K, committed 72280K, reserved 1112064K
  class space    used 9190K, capacity 9749K, committed 9856K, reserved 1048576K
Event: 1530.844 GC heap after
Heap after GC invocations=22 (full 3):
 PSYoungGen      total 105472K, used 11174K [0x00000000e0000000, 0x00000000e7c00000, 0x0000000100000000)
  eden space 94208K, 0% used [0x00000000e0000000,0x00000000e0000000,0x00000000e5c00000)
  from space 11264K, 99% used [0x00000000e5e00000,0x00000000e68e9988,0x00000000e6900000)
  to   space 16384K, 0% used [0x00000000e6c00000,0x00000000e6c00000,0x00000000e7c00000)
 ParOldGen       total 143360K, used 29236K [0x00000000a0000000, 0x00000000a8c00000, 0x00000000e0000000)
  object space 143360K, 20% used [0x00000000a0000000,0x00000000a1c8d0a8,0x00000000a8c00000)
 Metaspace       used 69411K, capacity 72092K, committed 72280K, reserved 1112064K
  class space    used 9190K, capacity 9749K, committed 9856K, reserved 1048576K
}
Event: 4544.360 GC heap before
{Heap before GC invocations=23 (full 3):
 PSYoungGen      total 105472K, used 105382K [0x00000000e0000000, 0x00000000e7c00000, 0x0000000100000000)
  eden space 94208K, 100% used [0x00000000e0000000,0x00000000e5c00000,0x00000000e5c00000)
  from space 11264K, 99% used [0x00000000e5e00000,0x00000000e68e9988,0x00000000e6900000)
  to   space 16384K, 0% used [0x00000000e6c00000,0x00000000e6c00000,0x00000000e7c00000)
 ParOldGen       total 143360K, used 29236K [0x00000000a0000000, 0x00000000a8c00000, 0x00000000e0000000)
  object space 143360K, 20% used [0x00000000a0000000,0x00000000a1c8d0a8,0x00000000a8c00000)
 Metaspace       used 70113K, capacity 72948K, committed 73048K, reserved 1112064K
  class space    used 9242K, capacity 9823K, committed 9856K, reserved 1048576K
Event: 4544.374 GC heap after
Heap after GC invocations=23 (full 3):
 PSYoungGen      total 108544K, used 15930K [0x00000000e0000000, 0x00000000e7e00000, 0x0000000100000000)
  eden space 92160K, 0% used [0x00000000e0000000,0x00000000e0000000,0x00000000e5a00000)
  from space 16384K, 97% used [0x00000000e6c00000,0x00000000e7b8ea30,0x00000000e7c00000)
  to   space 18432K, 0% used [0x00000000e5a00000,0x00000000e5a00000,0x00000000e6c00000)
 ParOldGen       total 143360K, used 29244K [0x00000000a0000000, 0x00000000a8c00000, 0x00000000e0000000)
  object space 143360K, 20% used [0x00000000a0000000,0x00000000a1c8f0a8,0x00000000a8c00000)
 Metaspace       used 70113K, capacity 72948K, committed 73048K, reserved 1112064K
  class space    used 9242K, capacity 9823K, committed 9856K, reserved 1048576K
}
Event: 4585.449 GC heap before
{Heap before GC invocations=24 (full 3):
 PSYoungGen      total 108544K, used 108090K [0x00000000e0000000, 0x00000000e7e00000, 0x0000000100000000)
  eden space 92160K, 100% used [0x00000000e0000000,0x00000000e5a00000,0x00000000e5a00000)
  from space 16384K, 97% used [0x00000000e6c00000,0x00000000e7b8ea30,0x00000000e7c00000)
  to   space 18432K, 0% used [0x00000000e5a00000,0x00000000e5a00000,0x00000000e6c00000)
 ParOldGen       total 143360K, used 29244K [0x00000000a0000000, 0x00000000a8c00000, 0x00000000e0000000)
  object space 143360K, 20% used [0x00000000a0000000,0x00000000a1c8f0a8,0x00000000a8c00000)
 Metaspace       used 72102K, capacity 75026K, committed 75096K, reserved 1114112K
  class space    used 9463K, capacity 10084K, committed 10112K, reserved 1048576K
Event: 4585.461 GC heap after
Heap after GC invocations=24 (full 3):
 PSYoungGen      total 106496K, used 16126K [0x00000000e0000000, 0x00000000e7f00000, 0x0000000100000000)
  eden space 90112K, 0% used [0x00000000e0000000,0x00000000e0000000,0x00000000e5800000)
  from space 16384K, 98% used [0x00000000e5a00000,0x00000000e69bf800,0x00000000e6a00000)
  to   space 19968K, 0% used [0x00000000e6b80000,0x00000000e6b80000,0x00000000e7f00000)
 ParOldGen       total 143360K, used 29252K [0x00000000a0000000, 0x00000000a8c00000, 0x00000000e0000000)
  object space 143360K, 20% used [0x00000000a0000000,0x00000000a1c910a8,0x00000000a8c00000)
 Metaspace       used 72102K, capacity 75026K, committed 75096K, reserved 1114112K
  class space    used 9463K, capacity 10084K, committed 10112K, reserved 1048576K
}
Event: 4594.601 GC heap before
{Heap before GC invocations=25 (full 3):
 PSYoungGen      total 106496K, used 106238K [0x00000000e0000000, 0x00000000e7f00000, 0x0000000100000000)
  eden space 90112K, 100% used [0x00000000e0000000,0x00000000e5800000,0x00000000e5800000)
  from space 16384K, 98% used [0x00000000e5a00000,0x00000000e69bf800,0x00000000e6a00000)
  to   space 19968K, 0% used [0x00000000e6b80000,0x00000000e6b80000,0x00000000e7f00000)
 ParOldGen       total 143360K, used 29252K [0x00000000a0000000, 0x00000000a8c00000, 0x00000000e0000000)
  object space 143360K, 20% used [0x00000000a0000000,0x00000000a1c910a8,0x00000000a8c00000)
 Metaspace       used 77656K, capacity 80504K, committed 80600K, reserved 1120256K
  class space    used 10126K, capacity 10697K, committed 10752K, reserved 1048576K
Event: 4594.622 GC heap after
Heap after GC invocations=25 (full 3):
 PSYoungGen      total 102912K, used 19942K [0x00000000e0000000, 0x00000000e8b00000, 0x0000000100000000)
  eden space 82944K, 0% used [0x00000000e0000000,0x00000000e0000000,0x00000000e5100000)
  from space 19968K, 99% used [0x00000000e6b80000,0x00000000e7ef9a90,0x00000000e7f00000)
  to   space 27136K, 0% used [0x00000000e5100000,0x00000000e5100000,0x00000000e6b80000)
 ParOldGen       total 143360K, used 40793K [0x00000000a0000000, 0x00000000a8c00000, 0x00000000e0000000)
  object space 143360K, 28% used [0x00000000a0000000,0x00000000a27d6410,0x00000000a8c00000)
 Metaspace       used 77656K, capacity 80504K, committed 80600K, reserved 1120256K
  class space    used 10126K, capacity 10697K, committed 10752K, reserved 1048576K
}

