# JRE version: OpenJDK Runtime Environment (8.0_202-b03) (build 1.8.0_202-release-1483-b03)
# Java VM: OpenJDK 64-Bit Server VM (25.202-b03 mixed mode windows-amd64 compressed oops)
Heap:
 PSYoungGen      total 206336K, used 106984K [0x00000000e0000000, 0x00000000f0980000, 0x0000000100000000)
  eden space 189952K, 47% used [0x00000000e0000000,0x00000000e5894f58,0x00000000eb980000)
  from space 16384K, 99% used [0x00000000ef980000,0x00000000f0965228,0x00000000f0980000)
  to   space 26624K, 0% used [0x00000000ed580000,0x00000000ed580000,0x00000000eef80000)
 ParOldGen       total 120832K, used 50897K [0x00000000a0000000, 0x00000000a7600000, 0x00000000e0000000)
  object space 120832K, 42% used [0x00000000a0000000,0x00000000a31b4400,0x00000000a7600000)
 Metaspace       used 86009K, capacity 89698K, committed 89816K, reserved 1126400K
  class space    used 11235K, capacity 11978K, committed 12032K, reserved 1048576K
GC Heap History (10 events):
Event: 174.798 GC heap before
{Heap before GC invocations=17 (full 3):
 PSYoungGen      total 195072K, used 191759K [0x00000000e0000000, 0x00000000efb80000, 0x0000000100000000)
  eden space 176640K, 100% used [0x00000000e0000000,0x00000000eac80000,0x00000000eac80000)
  from space 18432K, 82% used [0x00000000eac80000,0x00000000ebb43ee8,0x00000000ebe80000)
  to   space 19968K, 0% used [0x00000000ee800000,0x00000000ee800000,0x00000000efb80000)
 ParOldGen       total 120832K, used 30203K [0x00000000a0000000, 0x00000000a7600000, 0x00000000e0000000)
  object space 120832K, 24% used [0x00000000a0000000,0x00000000a1d7ee00,0x00000000a7600000)
 Metaspace       used 75906K, capacity 78226K, committed 78424K, reserved 1118208K
  class space    used 10071K, capacity 10620K, committed 10624K, reserved 1048576K
Event: 174.816 GC heap after
Heap after GC invocations=17 (full 3):
 PSYoungGen      total 230912K, used 19956K [0x00000000e0000000, 0x00000000efe00000, 0x0000000100000000)
  eden space 210944K, 0% used [0x00000000e0000000,0x00000000e0000000,0x00000000ece00000)
  from space 19968K, 99% used [0x00000000ee800000,0x00000000efb7d338,0x00000000efb80000)
  to   space 24576K, 0% used [0x00000000ece00000,0x00000000ece00000,0x00000000ee600000)
 ParOldGen       total 120832K, used 35618K [0x00000000a0000000, 0x00000000a7600000, 0x00000000e0000000)
  object space 120832K, 29% used [0x00000000a0000000,0x00000000a22c8848,0x00000000a7600000)
 Metaspace       used 75906K, capacity 78226K, committed 78424K, reserved 1118208K
  class space    used 10071K, capacity 10620K, committed 10624K, reserved 1048576K
}
Event: 187.296 GC heap before
{Heap before GC invocations=18 (full 3):
 PSYoungGen      total 230912K, used 230900K [0x00000000e0000000, 0x00000000efe00000, 0x0000000100000000)
  eden space 210944K, 100% used [0x00000000e0000000,0x00000000ece00000,0x00000000ece00000)
  from space 19968K, 99% used [0x00000000ee800000,0x00000000efb7d338,0x00000000efb80000)
  to   space 24576K, 0% used [0x00000000ece00000,0x00000000ece00000,0x00000000ee600000)
 ParOldGen       total 120832K, used 35618K [0x00000000a0000000, 0x00000000a7600000, 0x00000000e0000000)
  object space 120832K, 29% used [0x00000000a0000000,0x00000000a22c8848,0x00000000a7600000)
 Metaspace       used 80740K, capacity 83804K, committed 83928K, reserved 1122304K
  class space    used 10811K, capacity 11433K, committed 11520K, reserved 1048576K
Event: 187.310 GC heap after
Heap after GC invocations=18 (full 3):
 PSYoungGen      total 235520K, used 4588K [0x00000000e0000000, 0x00000000f2100000, 0x0000000100000000)
  eden space 210944K, 0% used [0x00000000e0000000,0x00000000e0000000,0x00000000ece00000)
  from space 24576K, 18% used [0x00000000ece00000,0x00000000ed27b3f8,0x00000000ee600000)
  to   space 24576K, 0% used [0x00000000f0900000,0x00000000f0900000,0x00000000f2100000)
 ParOldGen       total 120832K, used 50873K [0x00000000a0000000, 0x00000000a7600000, 0x00000000e0000000)
  object space 120832K, 42% used [0x00000000a0000000,0x00000000a31ae400,0x00000000a7600000)
 Metaspace       used 80740K, capacity 83804K, committed 83928K, reserved 1122304K
  class space    used 10811K, capacity 11433K, committed 11520K, reserved 1048576K
}
Event: 525.921 GC heap before
{Heap before GC invocations=19 (full 3):
 PSYoungGen      total 235520K, used 215532K [0x00000000e0000000, 0x00000000f2100000, 0x0000000100000000)
  eden space 210944K, 100% used [0x00000000e0000000,0x00000000ece00000,0x00000000ece00000)
  from space 24576K, 18% used [0x00000000ece00000,0x00000000ed27b3f8,0x00000000ee600000)
  to   space 24576K, 0% used [0x00000000f0900000,0x00000000f0900000,0x00000000f2100000)
 ParOldGen       total 120832K, used 50873K [0x00000000a0000000, 0x00000000a7600000, 0x00000000e0000000)
  object space 120832K, 42% used [0x00000000a0000000,0x00000000a31ae400,0x00000000a7600000)
 Metaspace       used 83562K, capacity 86912K, committed 87128K, reserved 1124352K
  class space    used 11156K, capacity 11845K, committed 11904K, reserved 1048576K
Event: 526.014 GC heap after
Heap after GC invocations=19 (full 3):
 PSYoungGen      total 213504K, used 9228K [0x00000000e0000000, 0x00000000f1280000, 0x0000000100000000)
  eden space 203776K, 0% used [0x00000000e0000000,0x00000000e0000000,0x00000000ec700000)
  from space 9728K, 94% used [0x00000000f0900000,0x00000000f1203100,0x00000000f1280000)
  to   space 23552K, 0% used [0x00000000ee480000,0x00000000ee480000,0x00000000efb80000)
 ParOldGen       total 120832K, used 50881K [0x00000000a0000000, 0x00000000a7600000, 0x00000000e0000000)
  object space 120832K, 42% used [0x00000000a0000000,0x00000000a31b0400,0x00000000a7600000)
 Metaspace       used 83562K, capacity 86912K, committed 87128K, reserved 1124352K
  class space    used 11156K, capacity 11845K, committed 11904K, reserved 1048576K
}
Event: 743.961 GC heap before
{Heap before GC invocations=20 (full 3):
 PSYoungGen      total 213504K, used 213004K [0x00000000e0000000, 0x00000000f1280000, 0x0000000100000000)
  eden space 203776K, 100% used [0x00000000e0000000,0x00000000ec700000,0x00000000ec700000)
  from space 9728K, 94% used [0x00000000f0900000,0x00000000f1203100,0x00000000f1280000)
  to   space 23552K, 0% used [0x00000000ee480000,0x00000000ee480000,0x00000000efb80000)
 ParOldGen       total 120832K, used 50881K [0x00000000a0000000, 0x00000000a7600000, 0x00000000e0000000)
  object space 120832K, 42% used [0x00000000a0000000,0x00000000a31b0400,0x00000000a7600000)
 Metaspace       used 84150K, capacity 87578K, committed 87640K, reserved 1124352K
  class space    used 11171K, capacity 11870K, committed 11904K, reserved 1048576K
Event: 744.005 GC heap after
Heap after GC invocations=20 (full 3):
 PSYoungGen      total 218112K, used 21044K [0x00000000e0000000, 0x00000000f0980000, 0x0000000100000000)
  eden space 196608K, 0% used [0x00000000e0000000,0x00000000e0000000,0x00000000ec000000)
  from space 21504K, 97% used [0x00000000ee480000,0x00000000ef90d250,0x00000000ef980000)
  to   space 16384K, 0% used [0x00000000ef980000,0x00000000ef980000,0x00000000f0980000)
 ParOldGen       total 120832K, used 50889K [0x00000000a0000000, 0x00000000a7600000, 0x00000000e0000000)
  object space 120832K, 42% used [0x00000000a0000000,0x00000000a31b2400,0x00000000a7600000)
 Metaspace       used 84150K, capacity 87578K, committed 87640K, reserved 1124352K
  class space    used 11171K, capacity 11870K, committed 11904K, reserved 1048576K
}
Event: 766.638 GC heap before
{Heap before GC invocations=21 (full 3):
 PSYoungGen      total 218112K, used 217652K [0x00000000e0000000, 0x00000000f0980000, 0x0000000100000000)
  eden space 196608K, 100% used [0x00000000e0000000,0x00000000ec000000,0x00000000ec000000)
  from space 21504K, 97% used [0x00000000ee480000,0x00000000ef90d250,0x00000000ef980000)
  to   space 16384K, 0% used [0x00000000ef980000,0x00000000ef980000,0x00000000f0980000)
 ParOldGen       total 120832K, used 50889K [0x00000000a0000000, 0x00000000a7600000, 0x00000000e0000000)
  object space 120832K, 42% used [0x00000000a0000000,0x00000000a31b2400,0x00000000a7600000)
 Metaspace       used 85507K, capacity 89060K, committed 89304K, reserved 1126400K
  class space    used 11221K, capacity 11967K, committed 12032K, reserved 1048576K
Event: 766.659 GC heap after
Heap after GC invocations=21 (full 3):
 PSYoungGen      total 206336K, used 16276K [0x00000000e0000000, 0x00000000f0980000, 0x0000000100000000)
  eden space 189952K, 0% used [0x00000000e0000000,0x00000000e0000000,0x00000000eb980000)
  from space 16384K, 99% used [0x00000000ef980000,0x00000000f0965228,0x00000000f0980000)
  to   space 26624K, 0% used [0x00000000ed580000,0x00000000ed580000,0x00000000eef80000)
 ParOldGen       total 120832K, used 50897K [0x00000000a0000000, 0x00000000a7600000, 0x00000000e0000000)
  object space 120832K, 42% used [0x00000000a0000000,0x00000000a31b4400,0x00000000a7600000)
 Metaspace       used 85507K, capacity 89060K, committed 89304K, reserved 1126400K
  class space    used 11221K, capacity 11967K, committed 12032K, reserved 1048576K
}

