# JRE version: OpenJDK Runtime Environment (8.0_202-b03) (build 1.8.0_202-release-1483-b03)
# Java VM: OpenJDK 64-Bit Server VM (25.202-b03 mixed mode windows-amd64 compressed oops)
Heap:
 PSYoungGen      total 306688K, used 70309K [0x00000000e0000000, 0x00000000f5a00000, 0x0000000100000000)
  eden space 268288K, 11% used [0x00000000e0000000,0x00000000e1f2ebf0,0x00000000f0600000)
  from space 38400K, 99% used [0x00000000f0600000,0x00000000f2b7a828,0x00000000f2b80000)
  to   space 34304K, 0% used [0x00000000f2b80000,0x00000000f2b80000,0x00000000f4d00000)
 ParOldGen       total 140288K, used 52766K [0x00000000a0000000, 0x00000000a8900000, 0x00000000e0000000)
  object space 140288K, 37% used [0x00000000a0000000,0x00000000a3387ab0,0x00000000a8900000)
 Metaspace       used 78473K, capacity 81838K, committed 82072K, reserved 1120256K
  class space    used 10462K, capacity 11140K, committed 11176K, reserved 1048576K
GC Heap History (10 events):
Event: 12.268 GC heap before
{Heap before GC invocations=20 (full 3):
 PSYoungGen      total 235008K, used 226539K [0x00000000e0000000, 0x00000000f0480000, 0x0000000100000000)
  eden space 208896K, 100% used [0x00000000e0000000,0x00000000ecc00000,0x00000000ecc00000)
  from space 26112K, 67% used [0x00000000ee600000,0x00000000ef73aff8,0x00000000eff80000)
  to   space 26624K, 0% used [0x00000000ecc00000,0x00000000ecc00000,0x00000000ee600000)
 ParOldGen       total 140288K, used 51400K [0x00000000a0000000, 0x00000000a8900000, 0x00000000e0000000)
  object space 140288K, 36% used [0x00000000a0000000,0x00000000a3232270,0x00000000a8900000)
 Metaspace       used 71463K, capacity 74514K, committed 74648K, reserved 1114112K
  class space    used 9685K, capacity 10328K, committed 10408K, reserved 1048576K
Event: 12.282 GC heap after
Heap after GC invocations=20 (full 3):
 PSYoungGen      total 235520K, used 20651K [0x00000000e0000000, 0x00000000f2080000, 0x0000000100000000)
  eden space 208896K, 0% used [0x00000000e0000000,0x00000000e0000000,0x00000000ecc00000)
  from space 26624K, 77% used [0x00000000ecc00000,0x00000000ee02ad60,0x00000000ee600000)
  to   space 28672K, 0% used [0x00000000f0480000,0x00000000f0480000,0x00000000f2080000)
 ParOldGen       total 140288K, used 51408K [0x00000000a0000000, 0x00000000a8900000, 0x00000000e0000000)
  object space 140288K, 36% used [0x00000000a0000000,0x00000000a3234270,0x00000000a8900000)
 Metaspace       used 71463K, capacity 74514K, committed 74648K, reserved 1114112K
  class space    used 9685K, capacity 10328K, committed 10408K, reserved 1048576K
}
Event: 12.796 GC heap before
{Heap before GC invocations=21 (full 3):
 PSYoungGen      total 235520K, used 229547K [0x00000000e0000000, 0x00000000f2080000, 0x0000000100000000)
  eden space 208896K, 100% used [0x00000000e0000000,0x00000000ecc00000,0x00000000ecc00000)
  from space 26624K, 77% used [0x00000000ecc00000,0x00000000ee02ad60,0x00000000ee600000)
  to   space 28672K, 0% used [0x00000000f0480000,0x00000000f0480000,0x00000000f2080000)
 ParOldGen       total 140288K, used 51408K [0x00000000a0000000, 0x00000000a8900000, 0x00000000e0000000)
  object space 140288K, 36% used [0x00000000a0000000,0x00000000a3234270,0x00000000a8900000)
 Metaspace       used 72139K, capacity 75444K, committed 75800K, reserved 1114112K
  class space    used 9767K, capacity 10425K, committed 10536K, reserved 1048576K
Event: 12.816 GC heap after
Heap after GC invocations=21 (full 3):
 PSYoungGen      total 264704K, used 23233K [0x00000000e0000000, 0x00000000f2700000, 0x0000000100000000)
  eden space 236032K, 0% used [0x00000000e0000000,0x00000000e0000000,0x00000000ee680000)
  from space 28672K, 81% used [0x00000000f0480000,0x00000000f1b30470,0x00000000f2080000)
  to   space 30720K, 0% used [0x00000000ee680000,0x00000000ee680000,0x00000000f0480000)
 ParOldGen       total 140288K, used 51416K [0x00000000a0000000, 0x00000000a8900000, 0x00000000e0000000)
  object space 140288K, 36% used [0x00000000a0000000,0x00000000a3236270,0x00000000a8900000)
 Metaspace       used 72139K, capacity 75444K, committed 75800K, reserved 1114112K
  class space    used 9767K, capacity 10425K, committed 10536K, reserved 1048576K
}
Event: 13.358 GC heap before
{Heap before GC invocations=22 (full 3):
 PSYoungGen      total 264704K, used 259265K [0x00000000e0000000, 0x00000000f2700000, 0x0000000100000000)
  eden space 236032K, 100% used [0x00000000e0000000,0x00000000ee680000,0x00000000ee680000)
  from space 28672K, 81% used [0x00000000f0480000,0x00000000f1b30470,0x00000000f2080000)
  to   space 30720K, 0% used [0x00000000ee680000,0x00000000ee680000,0x00000000f0480000)
 ParOldGen       total 140288K, used 51416K [0x00000000a0000000, 0x00000000a8900000, 0x00000000e0000000)
  object space 140288K, 36% used [0x00000000a0000000,0x00000000a3236270,0x00000000a8900000)
 Metaspace       used 72188K, capacity 75528K, committed 75800K, reserved 1114112K
  class space    used 9770K, capacity 10429K, committed 10536K, reserved 1048576K
Event: 13.375 GC heap after
Heap after GC invocations=22 (full 3):
 PSYoungGen      total 266752K, used 27874K [0x00000000e0000000, 0x00000000f4d00000, 0x0000000100000000)
  eden space 236032K, 0% used [0x00000000e0000000,0x00000000e0000000,0x00000000ee680000)
  from space 30720K, 90% used [0x00000000ee680000,0x00000000f01b89a0,0x00000000f0480000)
  to   space 34304K, 0% used [0x00000000f2b80000,0x00000000f2b80000,0x00000000f4d00000)
 ParOldGen       total 140288K, used 51424K [0x00000000a0000000, 0x00000000a8900000, 0x00000000e0000000)
  object space 140288K, 36% used [0x00000000a0000000,0x00000000a3238270,0x00000000a8900000)
 Metaspace       used 72188K, capacity 75528K, committed 75800K, reserved 1114112K
  class space    used 9770K, capacity 10429K, committed 10536K, reserved 1048576K
}
Event: 13.902 GC heap before
{Heap before GC invocations=23 (full 3):
 PSYoungGen      total 266752K, used 263906K [0x00000000e0000000, 0x00000000f4d00000, 0x0000000100000000)
  eden space 236032K, 100% used [0x00000000e0000000,0x00000000ee680000,0x00000000ee680000)
  from space 30720K, 90% used [0x00000000ee680000,0x00000000f01b89a0,0x00000000f0480000)
  to   space 34304K, 0% used [0x00000000f2b80000,0x00000000f2b80000,0x00000000f4d00000)
 ParOldGen       total 140288K, used 51424K [0x00000000a0000000, 0x00000000a8900000, 0x00000000e0000000)
  object space 140288K, 36% used [0x00000000a0000000,0x00000000a3238270,0x00000000a8900000)
 Metaspace       used 72215K, capacity 75528K, committed 75800K, reserved 1114112K
  class space    used 9770K, capacity 10429K, committed 10536K, reserved 1048576K
Event: 13.931 GC heap after
Heap after GC invocations=23 (full 3):
 PSYoungGen      total 302592K, used 32301K [0x00000000e0000000, 0x00000000f5a00000, 0x0000000100000000)
  eden space 268288K, 0% used [0x00000000e0000000,0x00000000e0000000,0x00000000f0600000)
  from space 34304K, 94% used [0x00000000f2b80000,0x00000000f4b0b458,0x00000000f4d00000)
  to   space 38400K, 0% used [0x00000000f0600000,0x00000000f0600000,0x00000000f2b80000)
 ParOldGen       total 140288K, used 51432K [0x00000000a0000000, 0x00000000a8900000, 0x00000000e0000000)
  object space 140288K, 36% used [0x00000000a0000000,0x00000000a323a270,0x00000000a8900000)
 Metaspace       used 72215K, capacity 75528K, committed 75800K, reserved 1114112K
  class space    used 9770K, capacity 10429K, committed 10536K, reserved 1048576K
}
Event: 21.504 GC heap before
{Heap before GC invocations=24 (full 3):
 PSYoungGen      total 302592K, used 300589K [0x00000000e0000000, 0x00000000f5a00000, 0x0000000100000000)
  eden space 268288K, 100% used [0x00000000e0000000,0x00000000f0600000,0x00000000f0600000)
  from space 34304K, 94% used [0x00000000f2b80000,0x00000000f4b0b458,0x00000000f4d00000)
  to   space 38400K, 0% used [0x00000000f0600000,0x00000000f0600000,0x00000000f2b80000)
 ParOldGen       total 140288K, used 51432K [0x00000000a0000000, 0x00000000a8900000, 0x00000000e0000000)
  object space 140288K, 36% used [0x00000000a0000000,0x00000000a323a270,0x00000000a8900000)
 Metaspace       used 77157K, capacity 80494K, committed 80664K, reserved 1118208K
  class space    used 10364K, capacity 11012K, committed 11048K, reserved 1048576K
Event: 21.529 GC heap after
Heap after GC invocations=24 (full 3):
 PSYoungGen      total 306688K, used 38378K [0x00000000e0000000, 0x00000000f5a00000, 0x0000000100000000)
  eden space 268288K, 0% used [0x00000000e0000000,0x00000000e0000000,0x00000000f0600000)
  from space 38400K, 99% used [0x00000000f0600000,0x00000000f2b7a828,0x00000000f2b80000)
  to   space 34304K, 0% used [0x00000000f2b80000,0x00000000f2b80000,0x00000000f4d00000)
 ParOldGen       total 140288K, used 52766K [0x00000000a0000000, 0x00000000a8900000, 0x00000000e0000000)
  object space 140288K, 37% used [0x00000000a0000000,0x00000000a3387ab0,0x00000000a8900000)
 Metaspace       used 77157K, capacity 80494K, committed 80664K, reserved 1118208K
  class space    used 10364K, capacity 11012K, committed 11048K, reserved 1048576K
}

