# JRE version: OpenJDK Runtime Environment (8.0_152-b01) (build 1.8.0_152-release-1343-b01)
# Java VM: OpenJDK 64-Bit Server VM (25.152-b01 mixed mode windows-amd64 compressed oops)
Heap:
 PSYoungGen      total 136192K, used 125487K [0x00000000e0000000, 0x00000000ea580000, 0x0000000100000000)
  eden space 126976K, 96% used [0x00000000e0000000,0x00000000e7734138,0x00000000e7c00000)
  from space 9216K, 37% used [0x00000000e7c00000,0x00000000e7f57b90,0x00000000e8500000)
  to   space 8704K, 0% used [0x00000000e9d00000,0x00000000e9d00000,0x00000000ea580000)
 ParOldGen       total 69120K, used 49449K [0x00000000a0000000, 0x00000000a4380000, 0x00000000e0000000)
  object space 69120K, 71% used [0x00000000a0000000,0x00000000a304a588,0x00000000a4380000)
 Metaspace       used 72685K, capacity 75362K, committed 76440K, reserved 1116160K
  class space    used 9548K, capacity 10082K, committed 10400K, reserved 1048576K
GC Heap History (10 events):
Event: 87.300 GC heap before
{Heap before GC invocations=45 (full 3):
 PSYoungGen      total 99328K, used 91897K [0x00000000e0000000, 0x00000000e7b80000, 0x0000000100000000)
  eden space 88064K, 100% used [0x00000000e0000000,0x00000000e5600000,0x00000000e5600000)
  from space 11264K, 34% used [0x00000000e5600000,0x00000000e59be548,0x00000000e6100000)
  to   space 10240K, 0% used [0x00000000e7180000,0x00000000e7180000,0x00000000e7b80000)
 ParOldGen       total 69120K, used 61272K [0x00000000a0000000, 0x00000000a4380000, 0x00000000e0000000)
  object space 69120K, 88% used [0x00000000a0000000,0x00000000a3bd62d0,0x00000000a4380000)
 Metaspace       used 72921K, capacity 76208K, committed 76440K, reserved 1116160K
  class space    used 9688K, capacity 10329K, committed 10400K, reserved 1048576K
Event: 87.318 GC heap after
Heap after GC invocations=45 (full 3):
 PSYoungGen      total 115200K, used 2889K [0x00000000e0000000, 0x00000000e7a80000, 0x0000000100000000)
  eden space 105984K, 0% used [0x00000000e0000000,0x00000000e0000000,0x00000000e6780000)
  from space 9216K, 31% used [0x00000000e7180000,0x00000000e7452640,0x00000000e7a80000)
  to   space 9728K, 0% used [0x00000000e6780000,0x00000000e6780000,0x00000000e7100000)
 ParOldGen       total 69120K, used 62938K [0x00000000a0000000, 0x00000000a4380000, 0x00000000e0000000)
  object space 69120K, 91% used [0x00000000a0000000,0x00000000a3d76b90,0x00000000a4380000)
 Metaspace       used 72921K, capacity 76208K, committed 76440K, reserved 1116160K
  class space    used 9688K, capacity 10329K, committed 10400K, reserved 1048576K
}
Event: 87.634 GC heap before
{Heap before GC invocations=46 (full 3):
 PSYoungGen      total 115200K, used 108873K [0x00000000e0000000, 0x00000000e7a80000, 0x0000000100000000)
  eden space 105984K, 100% used [0x00000000e0000000,0x00000000e6780000,0x00000000e6780000)
  from space 9216K, 31% used [0x00000000e7180000,0x00000000e7452640,0x00000000e7a80000)
  to   space 9728K, 0% used [0x00000000e6780000,0x00000000e6780000,0x00000000e7100000)
 ParOldGen       total 69120K, used 62940K [0x00000000a0000000, 0x00000000a4380000, 0x00000000e0000000)
  object space 69120K, 91% used [0x00000000a0000000,0x00000000a3d77188,0x00000000a4380000)
 Metaspace       used 73028K, capacity 76280K, committed 76440K, reserved 1116160K
  class space    used 9688K, capacity 10329K, committed 10400K, reserved 1048576K
Event: 87.656 GC heap after
Heap after GC invocations=46 (full 3):
 PSYoungGen      total 115712K, used 4091K [0x00000000e0000000, 0x00000000e8e80000, 0x0000000100000000)
  eden space 105984K, 0% used [0x00000000e0000000,0x00000000e0000000,0x00000000e6780000)
  from space 9728K, 42% used [0x00000000e6780000,0x00000000e6b7ed70,0x00000000e7100000)
  to   space 9216K, 0% used [0x00000000e8580000,0x00000000e8580000,0x00000000e8e80000)
 ParOldGen       total 69120K, used 65047K [0x00000000a0000000, 0x00000000a4380000, 0x00000000e0000000)
  object space 69120K, 94% used [0x00000000a0000000,0x00000000a3f85dd0,0x00000000a4380000)
 Metaspace       used 73028K, capacity 76280K, committed 76440K, reserved 1116160K
  class space    used 9688K, capacity 10329K, committed 10400K, reserved 1048576K
}
Event: 87.656 GC heap before
{Heap before GC invocations=47 (full 4):
 PSYoungGen      total 115712K, used 4091K [0x00000000e0000000, 0x00000000e8e80000, 0x0000000100000000)
  eden space 105984K, 0% used [0x00000000e0000000,0x00000000e0000000,0x00000000e6780000)
  from space 9728K, 42% used [0x00000000e6780000,0x00000000e6b7ed70,0x00000000e7100000)
  to   space 9216K, 0% used [0x00000000e8580000,0x00000000e8580000,0x00000000e8e80000)
 ParOldGen       total 69120K, used 65047K [0x00000000a0000000, 0x00000000a4380000, 0x00000000e0000000)
  object space 69120K, 94% used [0x00000000a0000000,0x00000000a3f85dd0,0x00000000a4380000)
 Metaspace       used 73028K, capacity 76280K, committed 76440K, reserved 1116160K
  class space    used 9688K, capacity 10329K, committed 10400K, reserved 1048576K
Event: 87.857 GC heap after
Heap after GC invocations=47 (full 4):
 PSYoungGen      total 115712K, used 0K [0x00000000e0000000, 0x00000000e8e80000, 0x0000000100000000)
  eden space 105984K, 0% used [0x00000000e0000000,0x00000000e0000000,0x00000000e6780000)
  from space 9728K, 0% used [0x00000000e6780000,0x00000000e6780000,0x00000000e7100000)
  to   space 9216K, 0% used [0x00000000e8580000,0x00000000e8580000,0x00000000e8e80000)
 ParOldGen       total 69120K, used 46529K [0x00000000a0000000, 0x00000000a4380000, 0x00000000e0000000)
  object space 69120K, 67% used [0x00000000a0000000,0x00000000a2d70538,0x00000000a4380000)
 Metaspace       used 72623K, capacity 75256K, committed 76440K, reserved 1116160K
  class space    used 9546K, capacity 10079K, committed 10400K, reserved 1048576K
}
Event: 88.076 GC heap before
{Heap before GC invocations=48 (full 4):
 PSYoungGen      total 115712K, used 105984K [0x00000000e0000000, 0x00000000e8e80000, 0x0000000100000000)
  eden space 105984K, 100% used [0x00000000e0000000,0x00000000e6780000,0x00000000e6780000)
  from space 9728K, 0% used [0x00000000e6780000,0x00000000e6780000,0x00000000e7100000)
  to   space 9216K, 0% used [0x00000000e8580000,0x00000000e8580000,0x00000000e8e80000)
 ParOldGen       total 69120K, used 46529K [0x00000000a0000000, 0x00000000a4380000, 0x00000000e0000000)
  object space 69120K, 67% used [0x00000000a0000000,0x00000000a2d70538,0x00000000a4380000)
 Metaspace       used 72631K, capacity 75274K, committed 76440K, reserved 1116160K
  class space    used 9548K, capacity 10082K, committed 10400K, reserved 1048576K
Event: 88.089 GC heap after
Heap after GC invocations=48 (full 4):
 PSYoungGen      total 135680K, used 4304K [0x00000000e0000000, 0x00000000e8e00000, 0x0000000100000000)
  eden space 126976K, 0% used [0x00000000e0000000,0x00000000e0000000,0x00000000e7c00000)
  from space 8704K, 49% used [0x00000000e8580000,0x00000000e89b4048,0x00000000e8e00000)
  to   space 9216K, 0% used [0x00000000e7c00000,0x00000000e7c00000,0x00000000e8500000)
 ParOldGen       total 69120K, used 46529K [0x00000000a0000000, 0x00000000a4380000, 0x00000000e0000000)
  object space 69120K, 67% used [0x00000000a0000000,0x00000000a2d70538,0x00000000a4380000)
 Metaspace       used 72631K, capacity 75274K, committed 76440K, reserved 1116160K
  class space    used 9548K, capacity 10082K, committed 10400K, reserved 1048576K
}
Event: 88.449 GC heap before
{Heap before GC invocations=49 (full 4):
 PSYoungGen      total 135680K, used 131280K [0x00000000e0000000, 0x00000000e8e00000, 0x0000000100000000)
  eden space 126976K, 100% used [0x00000000e0000000,0x00000000e7c00000,0x00000000e7c00000)
  from space 8704K, 49% used [0x00000000e8580000,0x00000000e89b4048,0x00000000e8e00000)
  to   space 9216K, 0% used [0x00000000e7c00000,0x00000000e7c00000,0x00000000e8500000)
 ParOldGen       total 69120K, used 46529K [0x00000000a0000000, 0x00000000a4380000, 0x00000000e0000000)
  object space 69120K, 67% used [0x00000000a0000000,0x00000000a2d70538,0x00000000a4380000)
 Metaspace       used 72643K, capacity 75286K, committed 76440K, reserved 1116160K
  class space    used 9548K, capacity 10082K, committed 10400K, reserved 1048576K
Event: 88.467 GC heap after
Heap after GC invocations=49 (full 4):
 PSYoungGen      total 136192K, used 3422K [0x00000000e0000000, 0x00000000ea580000, 0x0000000100000000)
  eden space 126976K, 0% used [0x00000000e0000000,0x00000000e0000000,0x00000000e7c00000)
  from space 9216K, 37% used [0x00000000e7c00000,0x00000000e7f57b90,0x00000000e8500000)
  to   space 8704K, 0% used [0x00000000e9d00000,0x00000000e9d00000,0x00000000ea580000)
 ParOldGen       total 69120K, used 49449K [0x00000000a0000000, 0x00000000a4380000, 0x00000000e0000000)
  object space 69120K, 71% used [0x00000000a0000000,0x00000000a304a588,0x00000000a4380000)
 Metaspace       used 72643K, capacity 75286K, committed 76440K, reserved 1116160K
  class space    used 9548K, capacity 10082K, committed 10400K, reserved 1048576K
}

