# JRE version: OpenJDK Runtime Environment (8.0_202-b03) (build 1.8.0_202-release-1483-b03)
# Java VM: OpenJDK 64-Bit Server VM (25.202-b03 mixed mode windows-amd64 compressed oops)
Heap:
 PSYoungGen      total 128000K, used 38781K [0x00000000e0000000, 0x00000000ea800000, 0x0000000100000000)
  eden space 115712K, 22% used [0x00000000e0000000,0x00000000e19e33e0,0x00000000e7100000)
  from space 12288K, 99% used [0x00000000e8000000,0x00000000e8bfc030,0x00000000e8c00000)
  to   space 15360K, 0% used [0x00000000e7100000,0x00000000e7100000,0x00000000e8000000)
 ParOldGen       total 76288K, used 36776K [0x00000000a0000000, 0x00000000a4a80000, 0x00000000e0000000)
  object space 76288K, 48% used [0x00000000a0000000,0x00000000a23ea338,0x00000000a4a80000)
 Metaspace       used 61459K, capacity 63363K, committed 63576K, reserved 1103872K
  class space    used 8327K, capacity 8789K, committed 8832K, reserved 1048576K
GC Heap History (10 events):
Event: 19.647 GC heap before
{Heap before GC invocations=13 (full 2):
 PSYoungGen      total 95744K, used 87396K [0x00000000e0000000, 0x00000000e6980000, 0x0000000100000000)
  eden space 87552K, 99% used [0x00000000e0000000,0x00000000e5559100,0x00000000e5580000)
  from space 8192K, 0% used [0x00000000e6180000,0x00000000e6180000,0x00000000e6980000)
  to   space 10240K, 0% used [0x00000000e5580000,0x00000000e5580000,0x00000000e5f80000)
 ParOldGen       total 76288K, used 17461K [0x00000000a0000000, 0x00000000a4a80000, 0x00000000e0000000)
  object space 76288K, 22% used [0x00000000a0000000,0x00000000a110d778,0x00000000a4a80000)
 Metaspace       used 44292K, capacity 45246K, committed 45440K, reserved 1089536K
  class space    used 5987K, capacity 6227K, committed 6272K, reserved 1048576K
Event: 19.656 GC heap after
Heap after GC invocations=13 (full 2):
 PSYoungGen      total 97792K, used 10212K [0x00000000e0000000, 0x00000000e8c00000, 0x0000000100000000)
  eden space 87552K, 0% used [0x00000000e0000000,0x00000000e0000000,0x00000000e5580000)
  from space 10240K, 99% used [0x00000000e5580000,0x00000000e5f79388,0x00000000e5f80000)
  to   space 12288K, 0% used [0x00000000e8000000,0x00000000e8000000,0x00000000e8c00000)
 ParOldGen       total 76288K, used 20063K [0x00000000a0000000, 0x00000000a4a80000, 0x00000000e0000000)
  object space 76288K, 26% used [0x00000000a0000000,0x00000000a1397ea0,0x00000000a4a80000)
 Metaspace       used 44292K, capacity 45246K, committed 45440K, reserved 1089536K
  class space    used 5987K, capacity 6227K, committed 6272K, reserved 1048576K
}
Event: 21.298 GC heap before
{Heap before GC invocations=14 (full 2):
 PSYoungGen      total 97792K, used 97764K [0x00000000e0000000, 0x00000000e8c00000, 0x0000000100000000)
  eden space 87552K, 100% used [0x00000000e0000000,0x00000000e5580000,0x00000000e5580000)
  from space 10240K, 99% used [0x00000000e5580000,0x00000000e5f79388,0x00000000e5f80000)
  to   space 12288K, 0% used [0x00000000e8000000,0x00000000e8000000,0x00000000e8c00000)
 ParOldGen       total 76288K, used 20063K [0x00000000a0000000, 0x00000000a4a80000, 0x00000000e0000000)
  object space 76288K, 26% used [0x00000000a0000000,0x00000000a1397ea0,0x00000000a4a80000)
 Metaspace       used 50847K, capacity 52268K, committed 52352K, reserved 1093632K
  class space    used 6884K, capacity 7275K, committed 7296K, reserved 1048576K
Event: 21.310 GC heap after
Heap after GC invocations=14 (full 2):
 PSYoungGen      total 130560K, used 10128K [0x00000000e0000000, 0x00000000e8c80000, 0x0000000100000000)
  eden space 118272K, 0% used [0x00000000e0000000,0x00000000e0000000,0x00000000e7380000)
  from space 12288K, 82% used [0x00000000e8000000,0x00000000e89e4128,0x00000000e8c00000)
  to   space 12800K, 0% used [0x00000000e7380000,0x00000000e7380000,0x00000000e8000000)
 ParOldGen       total 76288K, used 25363K [0x00000000a0000000, 0x00000000a4a80000, 0x00000000e0000000)
  object space 76288K, 33% used [0x00000000a0000000,0x00000000a18c4c98,0x00000000a4a80000)
 Metaspace       used 50847K, capacity 52268K, committed 52352K, reserved 1093632K
  class space    used 6884K, capacity 7275K, committed 7296K, reserved 1048576K
}
Event: 24.166 GC heap before
{Heap before GC invocations=15 (full 2):
 PSYoungGen      total 130560K, used 92874K [0x00000000e0000000, 0x00000000e8c80000, 0x0000000100000000)
  eden space 118272K, 69% used [0x00000000e0000000,0x00000000e50ce840,0x00000000e7380000)
  from space 12288K, 82% used [0x00000000e8000000,0x00000000e89e4128,0x00000000e8c00000)
  to   space 12800K, 0% used [0x00000000e7380000,0x00000000e7380000,0x00000000e8000000)
 ParOldGen       total 76288K, used 25363K [0x00000000a0000000, 0x00000000a4a80000, 0x00000000e0000000)
  object space 76288K, 33% used [0x00000000a0000000,0x00000000a18c4c98,0x00000000a4a80000)
 Metaspace       used 57276K, capacity 58951K, committed 59096K, reserved 1099776K
  class space    used 7789K, capacity 8192K, committed 8192K, reserved 1048576K
Event: 24.178 GC heap after
Heap after GC invocations=15 (full 2):
 PSYoungGen      total 131072K, used 8465K [0x00000000e0000000, 0x00000000e8c80000, 0x0000000100000000)
  eden space 118272K, 0% used [0x00000000e0000000,0x00000000e0000000,0x00000000e7380000)
  from space 12800K, 66% used [0x00000000e7380000,0x00000000e7bc4640,0x00000000e8000000)
  to   space 12288K, 0% used [0x00000000e8000000,0x00000000e8000000,0x00000000e8c00000)
 ParOldGen       total 76288K, used 29825K [0x00000000a0000000, 0x00000000a4a80000, 0x00000000e0000000)
  object space 76288K, 39% used [0x00000000a0000000,0x00000000a1d204e8,0x00000000a4a80000)
 Metaspace       used 57276K, capacity 58951K, committed 59096K, reserved 1099776K
  class space    used 7789K, capacity 8192K, committed 8192K, reserved 1048576K
}
Event: 24.178 GC heap before
{Heap before GC invocations=16 (full 3):
 PSYoungGen      total 131072K, used 8465K [0x00000000e0000000, 0x00000000e8c80000, 0x0000000100000000)
  eden space 118272K, 0% used [0x00000000e0000000,0x00000000e0000000,0x00000000e7380000)
  from space 12800K, 66% used [0x00000000e7380000,0x00000000e7bc4640,0x00000000e8000000)
  to   space 12288K, 0% used [0x00000000e8000000,0x00000000e8000000,0x00000000e8c00000)
 ParOldGen       total 76288K, used 29825K [0x00000000a0000000, 0x00000000a4a80000, 0x00000000e0000000)
  object space 76288K, 39% used [0x00000000a0000000,0x00000000a1d204e8,0x00000000a4a80000)
 Metaspace       used 57276K, capacity 58951K, committed 59096K, reserved 1099776K
  class space    used 7789K, capacity 8192K, committed 8192K, reserved 1048576K
Event: 24.418 GC heap after
Heap after GC invocations=16 (full 3):
 PSYoungGen      total 131072K, used 0K [0x00000000e0000000, 0x00000000e8c80000, 0x0000000100000000)
  eden space 118272K, 0% used [0x00000000e0000000,0x00000000e0000000,0x00000000e7380000)
  from space 12800K, 0% used [0x00000000e7380000,0x00000000e7380000,0x00000000e8000000)
  to   space 12288K, 0% used [0x00000000e8000000,0x00000000e8000000,0x00000000e8c00000)
 ParOldGen       total 76288K, used 32574K [0x00000000a0000000, 0x00000000a4a80000, 0x00000000e0000000)
  object space 76288K, 42% used [0x00000000a0000000,0x00000000a1fcfa48,0x00000000a4a80000)
 Metaspace       used 57276K, capacity 58951K, committed 59096K, reserved 1099776K
  class space    used 7789K, capacity 8192K, committed 8192K, reserved 1048576K
}
Event: 33.124 GC heap before
{Heap before GC invocations=17 (full 3):
 PSYoungGen      total 131072K, used 118272K [0x00000000e0000000, 0x00000000e8c80000, 0x0000000100000000)
  eden space 118272K, 100% used [0x00000000e0000000,0x00000000e7380000,0x00000000e7380000)
  from space 12800K, 0% used [0x00000000e7380000,0x00000000e7380000,0x00000000e8000000)
  to   space 12288K, 0% used [0x00000000e8000000,0x00000000e8000000,0x00000000e8c00000)
 ParOldGen       total 76288K, used 32574K [0x00000000a0000000, 0x00000000a4a80000, 0x00000000e0000000)
  object space 76288K, 42% used [0x00000000a0000000,0x00000000a1fcfa48,0x00000000a4a80000)
 Metaspace       used 60956K, capacity 62889K, committed 63064K, reserved 1103872K
  class space    used 8271K, capacity 8710K, committed 8832K, reserved 1048576K
Event: 33.133 GC heap after
Heap after GC invocations=17 (full 3):
 PSYoungGen      total 128000K, used 12272K [0x00000000e0000000, 0x00000000ea800000, 0x0000000100000000)
  eden space 115712K, 0% used [0x00000000e0000000,0x00000000e0000000,0x00000000e7100000)
  from space 12288K, 99% used [0x00000000e8000000,0x00000000e8bfc030,0x00000000e8c00000)
  to   space 15360K, 0% used [0x00000000e7100000,0x00000000e7100000,0x00000000e8000000)
 ParOldGen       total 76288K, used 36776K [0x00000000a0000000, 0x00000000a4a80000, 0x00000000e0000000)
  object space 76288K, 48% used [0x00000000a0000000,0x00000000a23ea338,0x00000000a4a80000)
 Metaspace       used 60956K, capacity 62889K, committed 63064K, reserved 1103872K
  class space    used 8271K, capacity 8710K, committed 8832K, reserved 1048576K
}

