# JRE version: OpenJDK Runtime Environment (8.0_202-b03) (build 1.8.0_202-release-1483-b03)
# Java VM: OpenJDK 64-Bit Server VM (25.202-b03 mixed mode windows-amd64 compressed oops)
Heap:
 PSYoungGen      total 181760K, used 2746K [0x00000000e0000000, 0x00000000ed600000, 0x0000000100000000)
  eden space 162816K, 0% used [0x00000000e0000000,0x00000000e0000000,0x00000000e9f00000)
  from space 18944K, 14% used [0x00000000e9f00000,0x00000000ea1ae968,0x00000000eb180000)
  to   space 18432K, 0% used [0x00000000eb180000,0x00000000eb180000,0x00000000ec380000)
 ParOldGen       total 138240K, used 28977K [0x00000000a0000000, 0x00000000a8700000, 0x00000000e0000000)
  object space 138240K, 20% used [0x00000000a0000000,0x00000000a1c4c408,0x00000000a8700000)
 Metaspace       used 58450K, capacity 60389K, committed 60504K, reserved 1105920K
  class space    used 8017K, capacity 8488K, committed 8576K, reserved 1048576K
GC Heap History (10 events):
Event: 3.575 GC heap before
{Heap before GC invocations=11 (full 2):
 PSYoungGen      total 118272K, used 10189K [0x00000000e0000000, 0x00000000ea700000, 0x0000000100000000)
  eden space 107520K, 0% used [0x00000000e0000000,0x00000000e0000000,0x00000000e6900000)
  from space 10752K, 94% used [0x00000000e6900000,0x00000000e72f3650,0x00000000e7380000)
  to   space 11776K, 0% used [0x00000000e9b80000,0x00000000e9b80000,0x00000000ea700000)
 ParOldGen       total 60928K, used 10906K [0x00000000a0000000, 0x00000000a3b80000, 0x00000000e0000000)
  object space 60928K, 17% used [0x00000000a0000000,0x00000000a0aa6a18,0x00000000a3b80000)
 Metaspace       used 34587K, capacity 35380K, committed 35456K, reserved 1079296K
  class space    used 4784K, capacity 4970K, committed 4992K, reserved 1048576K
Event: 3.631 GC heap after
Heap after GC invocations=11 (full 2):
 PSYoungGen      total 118272K, used 0K [0x00000000e0000000, 0x00000000ea700000, 0x0000000100000000)
  eden space 107520K, 0% used [0x00000000e0000000,0x00000000e0000000,0x00000000e6900000)
  from space 10752K, 0% used [0x00000000e6900000,0x00000000e6900000,0x00000000e7380000)
  to   space 11776K, 0% used [0x00000000e9b80000,0x00000000e9b80000,0x00000000ea700000)
 ParOldGen       total 92672K, used 17067K [0x00000000a0000000, 0x00000000a5a80000, 0x00000000e0000000)
  object space 92672K, 18% used [0x00000000a0000000,0x00000000a10aad78,0x00000000a5a80000)
 Metaspace       used 34562K, capacity 35296K, committed 35456K, reserved 1079296K
  class space    used 4776K, capacity 4956K, committed 4992K, reserved 1048576K
}
Event: 4.465 GC heap before
{Heap before GC invocations=12 (full 2):
 PSYoungGen      total 118272K, used 107520K [0x00000000e0000000, 0x00000000ea700000, 0x0000000100000000)
  eden space 107520K, 100% used [0x00000000e0000000,0x00000000e6900000,0x00000000e6900000)
  from space 10752K, 0% used [0x00000000e6900000,0x00000000e6900000,0x00000000e7380000)
  to   space 11776K, 0% used [0x00000000e9b80000,0x00000000e9b80000,0x00000000ea700000)
 ParOldGen       total 92672K, used 17067K [0x00000000a0000000, 0x00000000a5a80000, 0x00000000e0000000)
  object space 92672K, 18% used [0x00000000a0000000,0x00000000a10aad78,0x00000000a5a80000)
 Metaspace       used 45386K, capacity 46372K, committed 46592K, reserved 1089536K
  class space    used 6125K, capacity 6384K, committed 6400K, reserved 1048576K
Event: 4.474 GC heap after
Heap after GC invocations=12 (full 2):
 PSYoungGen      total 144896K, used 11755K [0x00000000e0000000, 0x00000000ea700000, 0x0000000100000000)
  eden space 133120K, 0% used [0x00000000e0000000,0x00000000e0000000,0x00000000e8200000)
  from space 11776K, 99% used [0x00000000e9b80000,0x00000000ea6fac50,0x00000000ea700000)
  to   space 13824K, 0% used [0x00000000e8c00000,0x00000000e8c00000,0x00000000e9980000)
 ParOldGen       total 92672K, used 19970K [0x00000000a0000000, 0x00000000a5a80000, 0x00000000e0000000)
  object space 92672K, 21% used [0x00000000a0000000,0x00000000a1380980,0x00000000a5a80000)
 Metaspace       used 45386K, capacity 46372K, committed 46592K, reserved 1089536K
  class space    used 6125K, capacity 6384K, committed 6400K, reserved 1048576K
}
Event: 5.597 GC heap before
{Heap before GC invocations=13 (full 2):
 PSYoungGen      total 144896K, used 144875K [0x00000000e0000000, 0x00000000ea700000, 0x0000000100000000)
  eden space 133120K, 100% used [0x00000000e0000000,0x00000000e8200000,0x00000000e8200000)
  from space 11776K, 99% used [0x00000000e9b80000,0x00000000ea6fac50,0x00000000ea700000)
  to   space 13824K, 0% used [0x00000000e8c00000,0x00000000e8c00000,0x00000000e9980000)
 ParOldGen       total 92672K, used 19970K [0x00000000a0000000, 0x00000000a5a80000, 0x00000000e0000000)
  object space 92672K, 21% used [0x00000000a0000000,0x00000000a1380980,0x00000000a5a80000)
 Metaspace       used 56347K, capacity 57900K, committed 58112K, reserved 1099776K
  class space    used 7678K, capacity 8085K, committed 8192K, reserved 1048576K
Event: 5.611 GC heap after
Heap after GC invocations=13 (full 2):
 PSYoungGen      total 157184K, used 13805K [0x00000000e0000000, 0x00000000ec380000, 0x0000000100000000)
  eden space 143360K, 0% used [0x00000000e0000000,0x00000000e0000000,0x00000000e8c00000)
  from space 13824K, 99% used [0x00000000e8c00000,0x00000000e997b7e8,0x00000000e9980000)
  to   space 18432K, 0% used [0x00000000eb180000,0x00000000eb180000,0x00000000ec380000)
 ParOldGen       total 92672K, used 27370K [0x00000000a0000000, 0x00000000a5a80000, 0x00000000e0000000)
  object space 92672K, 29% used [0x00000000a0000000,0x00000000a1abaa90,0x00000000a5a80000)
 Metaspace       used 56347K, capacity 57900K, committed 58112K, reserved 1099776K
  class space    used 7678K, capacity 8085K, committed 8192K, reserved 1048576K
}
Event: 5.767 GC heap before
{Heap before GC invocations=14 (full 2):
 PSYoungGen      total 157184K, used 30515K [0x00000000e0000000, 0x00000000ec380000, 0x0000000100000000)
  eden space 143360K, 11% used [0x00000000e0000000,0x00000000e1051788,0x00000000e8c00000)
  from space 13824K, 99% used [0x00000000e8c00000,0x00000000e997b7e8,0x00000000e9980000)
  to   space 18432K, 0% used [0x00000000eb180000,0x00000000eb180000,0x00000000ec380000)
 ParOldGen       total 92672K, used 27370K [0x00000000a0000000, 0x00000000a5a80000, 0x00000000e0000000)
  object space 92672K, 29% used [0x00000000a0000000,0x00000000a1abaa90,0x00000000a5a80000)
 Metaspace       used 57240K, capacity 58887K, committed 59096K, reserved 1099776K
  class space    used 7784K, capacity 8192K, committed 8192K, reserved 1048576K
Event: 5.773 GC heap after
Heap after GC invocations=14 (full 2):
 PSYoungGen      total 181248K, used 1794K [0x00000000e0000000, 0x00000000ed600000, 0x0000000100000000)
  eden space 162816K, 0% used [0x00000000e0000000,0x00000000e0000000,0x00000000e9f00000)
  from space 18432K, 9% used [0x00000000eb180000,0x00000000eb340a90,0x00000000ec380000)
  to   space 18944K, 0% used [0x00000000e9f00000,0x00000000e9f00000,0x00000000eb180000)
 ParOldGen       total 92672K, used 32916K [0x00000000a0000000, 0x00000000a5a80000, 0x00000000e0000000)
  object space 92672K, 35% used [0x00000000a0000000,0x00000000a2025118,0x00000000a5a80000)
 Metaspace       used 57240K, capacity 58887K, committed 59096K, reserved 1099776K
  class space    used 7784K, capacity 8192K, committed 8192K, reserved 1048576K
}
Event: 5.773 GC heap before
{Heap before GC invocations=15 (full 3):
 PSYoungGen      total 181248K, used 1794K [0x00000000e0000000, 0x00000000ed600000, 0x0000000100000000)
  eden space 162816K, 0% used [0x00000000e0000000,0x00000000e0000000,0x00000000e9f00000)
  from space 18432K, 9% used [0x00000000eb180000,0x00000000eb340a90,0x00000000ec380000)
  to   space 18944K, 0% used [0x00000000e9f00000,0x00000000e9f00000,0x00000000eb180000)
 ParOldGen       total 92672K, used 32916K [0x00000000a0000000, 0x00000000a5a80000, 0x00000000e0000000)
  object space 92672K, 35% used [0x00000000a0000000,0x00000000a2025118,0x00000000a5a80000)
 Metaspace       used 57240K, capacity 58887K, committed 59096K, reserved 1099776K
  class space    used 7784K, capacity 8192K, committed 8192K, reserved 1048576K
Event: 5.982 GC heap after
Heap after GC invocations=15 (full 3):
 PSYoungGen      total 181248K, used 0K [0x00000000e0000000, 0x00000000ed600000, 0x0000000100000000)
  eden space 162816K, 0% used [0x00000000e0000000,0x00000000e0000000,0x00000000e9f00000)
  from space 18432K, 0% used [0x00000000eb180000,0x00000000eb180000,0x00000000ec380000)
  to   space 18944K, 0% used [0x00000000e9f00000,0x00000000e9f00000,0x00000000eb180000)
 ParOldGen       total 138240K, used 28969K [0x00000000a0000000, 0x00000000a8700000, 0x00000000e0000000)
  object space 138240K, 20% used [0x00000000a0000000,0x00000000a1c4a408,0x00000000a8700000)
 Metaspace       used 57240K, capacity 58887K, committed 59096K, reserved 1099776K
  class space    used 7784K, capacity 8192K, committed 8192K, reserved 1048576K
}

